#
# A fatal error has been detected by the Java Runtime Environment:
#
#  EXCEPTION_ACCESS_VIOLATION (0xc0000005) at pc=0x00007ff9e080a608, pid=11468, tid=7560
#
# JRE version: OpenJDK Runtime Environment 18.9 (11.0.14.1+1) (build 11.0.14.1+1)
# Java VM: OpenJDK 64-Bit Server VM 18.9 (11.0.14.1+1, mixed mode, tiered, compressed oops, g1 gc, windows-amd64)
# Problematic frame:
# V  [jvm.dll+0x86a608]
#
# No core dump will be written. Minidumps are not enabled by default on client versions of Windows
#
# If you would like to submit a bug report, please visit:
#   https://bugreport.java.com/bugreport/crash.jsp
#

---------------  S U M M A R Y ------------

Command Line: -javaagent:C:\Program Files\JetBrains\IntelliJ IDEA Community Edition 2021.3.3\lib\idea_rt.jar=54495:C:\Program Files\JetBrains\IntelliJ IDEA Community Edition 2021.3.3\bin -Dfile.encoding=UTF-8 org.wecancodeit.birdwatcher.BirdWatcherApplication

Host: Intel(R) Xeon(R) CPU E3-1231 v3 @ 3.40GHz, 8 cores, 7G,  Windows 10 , 64 bit Build 19041 (10.0.19041.1741)
Time: Tue Jun 21 13:30:01 2022 Eastern Daylight Time elapsed time: 5.744195 seconds (0d 0h 0m 5s)

---------------  T H R E A D  ---------------

Current thread (0x0000023cee378800):  ConcurrentGCThread "G1 Conc#1" [stack: 0x000000d489800000,0x000000d489900000] [id=7560]

Stack: [0x000000d489800000,0x000000d489900000],  sp=0x000000d4898ffd78,  free space=1023k
Native frames: (J=compiled Java code, j=interpreted, Vv=VM code, C=native code)
V  [jvm.dll+0x86a608]


siginfo: EXCEPTION_ACCESS_VIOLATION (0xc0000005), data execution prevention violation at address 0x00007ff9e080a608


Register to memory mapping:

RIP=0x00007ff9e080a608 jvm.dll
RAX=0x000000000000000a is an unknown value
RBX=0x0000000100008bb0 is pointing into metadata
RCX=0x000000d4898ffda0 points into unknown readable memory: 0x00007ff9e07ff7b8 | b8 f7 7f e0 f9 7f 00 00
RDX=0x0000000089f95488 is an oop: 
[error occurred during error reporting (printing register info), id 0xc0000005, EXCEPTION_ACCESS_VIOLATION (0xc0000005) at pc=0x00007ff9e05a657d]

Registers:
RAX=0x000000000000000a, RBX=0x0000000100008bb0, RCX=0x000000d4898ffda0, RDX=0x0000000089f95488
RSP=0x000000d4898ffd78, RBP=0x000000008a000000, RSI=0x0000000089f95488, RDI=0x000000000000000a
R8 =0x0000000100008bb0, R9 =0x000000000000023c, R10=0x0000023ccb67ac00, R11=0x0000000000000246
R12=0x0000000000000001, R13=0x00007ff9e09772b0, R14=0x0000023ccb643bd8, R15=0x000000d487dff3d0
RIP=0x00007ff9e080a608, EFLAGS=0x0000000000010206

Top of Stack: (sp=0x000000d4898ffd78)
0x000000d4898ffd78:   00007ff9e028f464 0000000100008ba0
0x000000d4898ffd88:   000000008a000000 0000000089f95430
0x000000d4898ffd98:   0000000000000000 00007ff9e07ff7b8
0x000000d4898ffda8:   0000000000000000 0000023ccb610c40
0x000000d4898ffdb8:   0000023ccb643b30 0000000000000001
0x000000d4898ffdc8:   00007ff9e0726feb 0000000000000000
0x000000d4898ffdd8:   00000000000075a3 0000000000000000
0x000000d4898ffde8:   0000023cee378800 0000000000000000
0x000000d4898ffdf8:   00007ff9e0726ac0 0000023cee378800
0x000000d4898ffe08:   000000d4898ffeb0 0000000000000000
0x000000d4898ffe18:   00007ff9e0726b82 000000d487dff3d0
0x000000d4898ffe28:   000000d400000001 0000000000000000
0x000000d4898ffe38:   0000000000000000 0000023cee378800
0x000000d4898ffe48:   00007ff9e06b20c4 0000000000000000
0x000000d4898ffe58:   00007ff9ffffffff 0000023cee378800
0x000000d4898ffe68:   00007ffa3e743a81 0000000000000000 

Instructions: (pc=0x00007ff9e080a608)
0x00007ff9e080a508:   79 70 65 5f 61 6e 6e 6f 74 61 74 69 6f 6e 73 00
0x00007ff9e080a518:   6d 65 74 68 6f 64 73 5f 61 6e 6e 6f 74 61 74 69
0x00007ff9e080a528:   6f 6e 73 00 00 00 00 00 6d 65 74 68 6f 64 73 5f
0x00007ff9e080a538:   70 61 72 61 6d 65 74 65 72 5f 61 6e 6e 6f 74 61
0x00007ff9e080a548:   74 69 6f 6e 73 00 00 00 6d 65 74 68 6f 64 73 5f
0x00007ff9e080a558:   74 79 70 65 5f 61 6e 6e 6f 74 61 74 69 6f 6e 73
0x00007ff9e080a568:   00 00 00 00 00 00 00 00 6d 65 74 68 6f 64 73 5f
0x00007ff9e080a578:   64 65 66 61 75 6c 74 5f 61 6e 6e 6f 74 61 74 69
0x00007ff9e080a588:   6f 6e 73 00 00 00 00 00 61 6e 6e 6f 74 61 74 69
0x00007ff9e080a598:   6f 6e 73 00 43 70 00 00 43 70 54 61 67 73 00 00
0x00007ff9e080a5a8:   43 70 43 61 63 68 65 00 43 70 4f 70 65 72 61 6e
0x00007ff9e080a5b8:   64 73 00 00 00 00 00 00 43 70 52 65 66 4d 61 70
0x00007ff9e080a5c8:   00 00 00 00 43 70 41 6c 6c 00 00 00 00 00 00 00
0x00007ff9e080a5d8:   4d 65 74 68 6f 64 42 79 74 65 73 00 00 00 00 00
0x00007ff9e080a5e8:   53 74 61 63 6b 4d 61 70 00 00 00 00 00 00 00 00
0x00007ff9e080a5f8:   42 79 74 65 63 6f 64 65 73 00 00 00 00 00 00 00
0x00007ff9e080a608:   4d 65 74 68 6f 64 41 6c 6c 00 00 00 52 4f 41 6c
0x00007ff9e080a618:   6c 00 00 00 52 57 41 6c 6c 00 00 00 54 6f 74 61
0x00007ff9e080a628:   6c 00 00 00 00 00 00 00 53 69 7a 65 20 6f 66 20
0x00007ff9e080a638:   65 61 63 68 20 6f 62 6a 65 63 74 20 69 6e 73 74
0x00007ff9e080a648:   61 6e 63 65 20 6f 66 20 74 68 65 20 4a 61 76 61
0x00007ff9e080a658:   20 63 6c 61 73 73 00 00 4e 75 6d 62 65 72 20 6f
0x00007ff9e080a668:   66 20 6f 62 6a 65 63 74 20 69 6e 73 74 61 6e 63
0x00007ff9e080a678:   65 73 20 6f 66 20 74 68 65 20 4a 61 76 61 20 63
0x00007ff9e080a688:   6c 61 73 73 00 00 00 00 54 68 69 73 20 69 73 20
0x00007ff9e080a698:   75 73 75 61 6c 6c 79 20 28 49 6e 73 74 53 69 7a
0x00007ff9e080a6a8:   65 20 2a 20 49 6e 73 74 4e 75 6d 29 2e 20 54 68
0x00007ff9e080a6b8:   65 20 6f 6e 6c 79 20 65 78 63 65 70 74 69 6f 6e
0x00007ff9e080a6c8:   20 69 73 20 6a 61 76 61 2e 6c 61 6e 67 2e 43 6c
0x00007ff9e080a6d8:   61 73 73 2c 20 77 68 6f 73 65 20 49 6e 73 74 42
0x00007ff9e080a6e8:   79 74 65 73 20 61 6c 73 6f 20 69 6e 63 6c 75 64
0x00007ff9e080a6f8:   65 73 20 74 68 65 20 73 6c 6f 74 73 20 75 73 65 


Stack slot to memory mapping:
stack at sp + 0 slots: 0x00007ff9e028f464 jvm.dll
stack at sp + 1 slots: 0x0000000100008ba0 is a pointer to class: 
java.lang.reflect.Method {0x0000000100008ba8}
stack at sp + 2 slots: 0x000000008a000000 is an oop: [B 
{0x000000008a000000} - klass: {type array byte}
 - length: 49
stack at sp + 3 slots: 0x0000000089f95430 is an oop: java.lang.reflect.Method 
{0x0000000089f95430} - klass: 'java/lang/reflect/Method'
stack at sp + 4 slots: 0x0 is NULL
stack at sp + 5 slots: 0x00007ff9e07ff7b8 jvm.dll
stack at sp + 6 slots: 0x0 is NULL
stack at sp + 7 slots: 0x0000023ccb610c40 points into unknown readable memory: 0x00007ff9e07fd9a8 | a8 d9 7f e0 f9 7f 00 00


---------------  P R O C E S S  ---------------

Threads class SMR info:
_java_thread_list=0x0000023cf2f354b0, length=23, elements={
0x0000023ccb603000, 0x0000023cec5f4000, 0x0000023cec5fd000, 0x0000023cece56800,
0x0000023cece57800, 0x0000023cece5a800, 0x0000023cece70800, 0x0000023cec604000,
0x0000023cec605800, 0x0000023cec588800, 0x0000023cecfed800, 0x0000023ced551000,
0x0000023ced6da000, 0x0000023cedf43000, 0x0000023cedda7000, 0x0000023cf343f800,
0x0000023cf1a30800, 0x0000023ceff84800, 0x0000023cf33d0800, 0x0000023cefa29000,
0x0000023cf14e6800, 0x0000023cf19e3000, 0x0000023cf19de000
}

Java Threads: ( => current thread )
  0x0000023ccb603000 JavaThread "main" [_thread_blocked, id=17692, stack(0x000000d487b00000,0x000000d487c00000)]
  0x0000023cec5f4000 JavaThread "Reference Handler" daemon [_thread_blocked, id=2820, stack(0x000000d488200000,0x000000d488300000)]
  0x0000023cec5fd000 JavaThread "Finalizer" daemon [_thread_blocked, id=11860, stack(0x000000d488300000,0x000000d488400000)]
  0x0000023cece56800 JavaThread "Signal Dispatcher" daemon [_thread_blocked, id=17036, stack(0x000000d488400000,0x000000d488500000)]
  0x0000023cece57800 JavaThread "Attach Listener" daemon [_thread_blocked, id=17448, stack(0x000000d488500000,0x000000d488600000)]
  0x0000023cece5a800 JavaThread "Service Thread" daemon [_thread_blocked, id=18428, stack(0x000000d488600000,0x000000d488700000)]
  0x0000023cece70800 JavaThread "C2 CompilerThread0" daemon [_thread_in_native, id=17804, stack(0x000000d488700000,0x000000d488800000)]
  0x0000023cec604000 JavaThread "C1 CompilerThread0" daemon [_thread_blocked, id=18068, stack(0x000000d488800000,0x000000d488900000)]
  0x0000023cec605800 JavaThread "Sweeper thread" daemon [_thread_blocked, id=17320, stack(0x000000d488900000,0x000000d488a00000)]
  0x0000023cec588800 JavaThread "Common-Cleaner" daemon [_thread_blocked, id=7904, stack(0x000000d488a00000,0x000000d488b00000)]
  0x0000023cecfed800 JavaThread "C2 CompilerThread1" daemon [_thread_in_native, id=5140, stack(0x000000d488b00000,0x000000d488c00000)]
  0x0000023ced551000 JavaThread "Monitor Ctrl-Break" daemon [_thread_in_native, id=18056, stack(0x000000d488c00000,0x000000d488d00000)]
  0x0000023ced6da000 JavaThread "Thread-0" [_thread_blocked, id=13704, stack(0x000000d489000000,0x000000d489100000)]
  0x0000023cedf43000 JavaThread "restartedMain" [_thread_in_Java, id=16080, stack(0x000000d489100000,0x000000d489200000)]
  0x0000023cedda7000 JavaThread "C2 CompilerThread2" daemon [_thread_in_native, id=11292, stack(0x000000d489200000,0x000000d489300000)]
  0x0000023cf343f800 JavaThread "MVStore background writer C:/data/demo.mv.db" daemon [_thread_blocked, id=13652, stack(0x000000d489900000,0x000000d489a00000)]
  0x0000023cf1a30800 JavaThread "HikariPool-1 housekeeper" daemon [_thread_blocked, id=16436, stack(0x000000d489a00000,0x000000d489b00000)]
  0x0000023ceff84800 JavaThread "Catalina-utility-1" [_thread_blocked, id=2040, stack(0x000000d489b00000,0x000000d489c00000)]
  0x0000023cf33d0800 JavaThread "Catalina-utility-2" [_thread_blocked, id=14856, stack(0x000000d489c00000,0x000000d489d00000)]
  0x0000023cefa29000 JavaThread "container-0" [_thread_blocked, id=16584, stack(0x000000d489d00000,0x000000d489e00000)]
  0x0000023cf14e6800 JavaThread "HikariPool-1 connection adder" daemon [_thread_blocked, id=2092, stack(0x000000d489e00000,0x000000d489f00000)]
  0x0000023cf19e3000 JavaThread "H2-serialization" daemon [_thread_blocked, id=12272, stack(0x000000d489f00000,0x000000d48a000000)]
  0x0000023cf19de000 JavaThread "H2-save" daemon [_thread_blocked, id=10156, stack(0x000000d48a000000,0x000000d48a100000)]

Other Threads:
  0x0000023cec5ce000 VMThread "VM Thread" [stack: 0x000000d488100000,0x000000d488200000] [id=15472]
  0x0000023ced560000 WatcherThread [stack: 0x000000d488d00000,0x000000d488e00000] [id=17532]
  0x0000023ccb61a800 GCTaskThread "GC Thread#0" [stack: 0x000000d487c00000,0x000000d487d00000] [id=17568]
  0x0000023cee0c7800 GCTaskThread "GC Thread#1" [stack: 0x000000d488e00000,0x000000d488f00000] [id=8956]
  0x0000023cedeb6000 GCTaskThread "GC Thread#2" [stack: 0x000000d488f00000,0x000000d489000000] [id=9000]
  0x0000023ceec0b800 GCTaskThread "GC Thread#3" [stack: 0x000000d489300000,0x000000d489400000] [id=17396]
  0x0000023cee481800 GCTaskThread "GC Thread#4" [stack: 0x000000d489400000,0x000000d489500000] [id=16836]
  0x0000023cee26f800 GCTaskThread "GC Thread#5" [stack: 0x000000d489500000,0x000000d489600000] [id=15420]
  0x0000023cedfc1000 GCTaskThread "GC Thread#6" [stack: 0x000000d489600000,0x000000d489700000] [id=5288]
  0x0000023cee38f800 GCTaskThread "GC Thread#7" [stack: 0x000000d489700000,0x000000d489800000] [id=556]
  0x0000023ccb5be000 ConcurrentGCThread "G1 Main Marker" [stack: 0x000000d487d00000,0x000000d487e00000] [id=2228]
  0x0000023ccb64b000 ConcurrentGCThread "G1 Conc#0" [stack: 0x000000d487e00000,0x000000d487f00000] [id=17844]
=>0x0000023cee378800 ConcurrentGCThread "G1 Conc#1" [stack: 0x000000d489800000,0x000000d489900000] [id=7560]
  0x0000023cec438800 ConcurrentGCThread "G1 Refine#0" [stack: 0x000000d487f00000,0x000000d488000000] [id=18264]
  0x0000023cec439000 ConcurrentGCThread "G1 Young RemSet Sampling" [stack: 0x000000d488000000,0x000000d488100000] [id=6192]

Threads with active compile tasks:
C2 CompilerThread0   5852 4555       4       sun.invoke.util.BytecodeDescriptor::unparseSig (91 bytes)
C1 CompilerThread0   5852 4603       3       java.lang.reflect.Method::specificToGenericStringHeader (48 bytes)
C2 CompilerThread1   5853 4520   !   4       org.springframework.core.annotation.AnnotationsScanner::processClassHierarchy (227 bytes)
C2 CompilerThread2   5854 4516   !   4       org.springframework.core.annotation.AnnotationsScanner::processMethodHierarchy (276 bytes)

VM state:not at safepoint (normal execution)

VM Mutex/Monitor currently owned by a thread: None

Heap address: 0x0000000080e00000, size: 2034 MB, Compressed Oops mode: 32-bit
Narrow klass base: 0x0000000000000000, Narrow klass shift: 3
Compressed class space size: 1073741824 Address: 0x0000000100000000

Heap:
 garbage-first heap   total 157696K, used 29275K [0x0000000080e00000, 0x0000000100000000)
  region size 1024K, 14 young (14336K), 7 survivors (7168K)
 Metaspace       used 59796K, capacity 61284K, committed 61488K, reserved 1103872K
  class space    used 7433K, capacity 8042K, committed 8064K, reserved 1048576K
Heap Regions: E=young(eden), S=young(survivor), O=old, HS=humongous(starts), HC=humongous(continues), CS=collection set, F=free, A=archive, TAMS=top-at-mark-start (previous, next)
|   0|0x0000000080e00000, 0x0000000080f00000, 0x0000000080f00000|100%|HS|  |TAMS 0x0000000080f00000, 0x0000000080f00000| Complete 
|   1|0x0000000080f00000, 0x0000000081000000, 0x0000000081000000|100%| O|  |TAMS 0x0000000081000000, 0x0000000081000000| Untracked 
|   2|0x0000000081000000, 0x0000000081100000, 0x0000000081100000|100%| O|  |TAMS 0x0000000081100000, 0x0000000081100000| Untracked 
|   3|0x0000000081100000, 0x0000000081200000, 0x0000000081200000|100%| O|  |TAMS 0x0000000081200000, 0x0000000081200000| Untracked 
|   4|0x0000000081200000, 0x0000000081300000, 0x0000000081300000|100%| O|  |TAMS 0x0000000081300000, 0x0000000081300000| Untracked 
|   5|0x0000000081300000, 0x0000000081400000, 0x0000000081400000|100%| O|  |TAMS 0x0000000081400000, 0x0000000081400000| Untracked 
|   6|0x0000000081400000, 0x0000000081500000, 0x0000000081500000|100%| O|  |TAMS 0x0000000081500000, 0x0000000081500000| Untracked 
|   7|0x0000000081500000, 0x0000000081600000, 0x0000000081600000|100%| O|  |TAMS 0x00000000815d6800, 0x0000000081600000| Untracked 
|   8|0x0000000081600000, 0x0000000081700000, 0x0000000081700000|100%|HS|  |TAMS 0x0000000081600000, 0x0000000081700000| Complete 
|   9|0x0000000081700000, 0x0000000081800000, 0x0000000081800000|100%|HC|  |TAMS 0x0000000081700000, 0x0000000081800000| Complete 
|  10|0x0000000081800000, 0x0000000081900000, 0x0000000081900000|100%| O|  |TAMS 0x0000000081800000, 0x0000000081900000| Untracked 
|  11|0x0000000081900000, 0x0000000081a00000, 0x0000000081a00000|100%| O|  |TAMS 0x0000000081900000, 0x0000000081a00000| Untracked 
|  12|0x0000000081a00000, 0x0000000081b00000, 0x0000000081b00000|100%| O|  |TAMS 0x0000000081a00000, 0x0000000081b00000| Untracked 
|  13|0x0000000081b00000, 0x0000000081c00000, 0x0000000081c00000|100%| O|  |TAMS 0x0000000081b00000, 0x0000000081c00000| Untracked 
|  14|0x0000000081c00000, 0x0000000081d00000, 0x0000000081d00000|100%| O|  |TAMS 0x0000000081c00000, 0x0000000081d00000| Untracked 
|  15|0x0000000081d00000, 0x0000000081d9f000, 0x0000000081e00000| 62%| O|  |TAMS 0x0000000081d00000, 0x0000000081d9f000| Untracked 
|  16|0x0000000081e00000, 0x0000000081e00000, 0x0000000081f00000|  0%| F|  |TAMS 0x0000000081e00000, 0x0000000081e00000| Untracked 
|  17|0x0000000081f00000, 0x0000000081f00000, 0x0000000082000000|  0%| F|  |TAMS 0x0000000081f00000, 0x0000000081f00000| Untracked 
|  18|0x0000000082000000, 0x0000000082000000, 0x0000000082100000|  0%| F|  |TAMS 0x0000000082000000, 0x0000000082000000| Untracked 
|  19|0x0000000082100000, 0x0000000082100000, 0x0000000082200000|  0%| F|  |TAMS 0x0000000082100000, 0x0000000082100000| Untracked 
|  20|0x0000000082200000, 0x0000000082200000, 0x0000000082300000|  0%| F|  |TAMS 0x0000000082200000, 0x0000000082200000| Untracked 
|  21|0x0000000082300000, 0x0000000082300000, 0x0000000082400000|  0%| F|  |TAMS 0x0000000082300000, 0x0000000082300000| Untracked 
|  22|0x0000000082400000, 0x0000000082400000, 0x0000000082500000|  0%| F|  |TAMS 0x0000000082400000, 0x0000000082400000| Untracked 
|  23|0x0000000082500000, 0x0000000082500000, 0x0000000082600000|  0%| F|  |TAMS 0x0000000082500000, 0x0000000082500000| Untracked 
|  24|0x0000000082600000, 0x0000000082600000, 0x0000000082700000|  0%| F|  |TAMS 0x0000000082600000, 0x0000000082600000| Untracked 
|  25|0x0000000082700000, 0x0000000082700000, 0x0000000082800000|  0%| F|  |TAMS 0x0000000082700000, 0x0000000082700000| Untracked 
|  26|0x0000000082800000, 0x0000000082800000, 0x0000000082900000|  0%| F|  |TAMS 0x0000000082800000, 0x0000000082800000| Untracked 
|  27|0x0000000082900000, 0x0000000082900000, 0x0000000082a00000|  0%| F|  |TAMS 0x0000000082900000, 0x0000000082900000| Untracked 
|  28|0x0000000082a00000, 0x0000000082a00000, 0x0000000082b00000|  0%| F|  |TAMS 0x0000000082a00000, 0x0000000082a00000| Untracked 
|  29|0x0000000082b00000, 0x0000000082b00000, 0x0000000082c00000|  0%| F|  |TAMS 0x0000000082b00000, 0x0000000082b00000| Untracked 
|  30|0x0000000082c00000, 0x0000000082c00000, 0x0000000082d00000|  0%| F|  |TAMS 0x0000000082c00000, 0x0000000082c00000| Untracked 
|  31|0x0000000082d00000, 0x0000000082d00000, 0x0000000082e00000|  0%| F|  |TAMS 0x0000000082d00000, 0x0000000082d00000| Untracked 
|  32|0x0000000082e00000, 0x0000000082e00000, 0x0000000082f00000|  0%| F|  |TAMS 0x0000000082e00000, 0x0000000082e00000| Untracked 
|  33|0x0000000082f00000, 0x0000000082f00000, 0x0000000083000000|  0%| F|  |TAMS 0x0000000082f00000, 0x0000000082f00000| Untracked 
|  34|0x0000000083000000, 0x0000000083000000, 0x0000000083100000|  0%| F|  |TAMS 0x0000000083000000, 0x0000000083000000| Untracked 
|  35|0x0000000083100000, 0x0000000083100000, 0x0000000083200000|  0%| F|  |TAMS 0x0000000083100000, 0x0000000083100000| Untracked 
|  36|0x0000000083200000, 0x0000000083200000, 0x0000000083300000|  0%| F|  |TAMS 0x0000000083200000, 0x0000000083200000| Untracked 
|  37|0x0000000083300000, 0x0000000083300000, 0x0000000083400000|  0%| F|  |TAMS 0x0000000083300000, 0x0000000083300000| Untracked 
|  38|0x0000000083400000, 0x0000000083400000, 0x0000000083500000|  0%| F|  |TAMS 0x0000000083400000, 0x0000000083400000| Untracked 
|  39|0x0000000083500000, 0x0000000083500000, 0x0000000083600000|  0%| F|  |TAMS 0x0000000083500000, 0x0000000083500000| Untracked 
|  40|0x0000000083600000, 0x0000000083600000, 0x0000000083700000|  0%| F|  |TAMS 0x0000000083600000, 0x0000000083600000| Untracked 
|  41|0x0000000083700000, 0x0000000083700000, 0x0000000083800000|  0%| F|  |TAMS 0x0000000083700000, 0x0000000083700000| Untracked 
|  42|0x0000000083800000, 0x0000000083800000, 0x0000000083900000|  0%| F|  |TAMS 0x0000000083800000, 0x0000000083800000| Untracked 
|  43|0x0000000083900000, 0x0000000083900000, 0x0000000083a00000|  0%| F|  |TAMS 0x0000000083900000, 0x0000000083900000| Untracked 
|  44|0x0000000083a00000, 0x0000000083a00000, 0x0000000083b00000|  0%| F|  |TAMS 0x0000000083a00000, 0x0000000083a00000| Untracked 
|  45|0x0000000083b00000, 0x0000000083b00000, 0x0000000083c00000|  0%| F|  |TAMS 0x0000000083b00000, 0x0000000083b00000| Untracked 
|  46|0x0000000083c00000, 0x0000000083c00000, 0x0000000083d00000|  0%| F|  |TAMS 0x0000000083c00000, 0x0000000083c00000| Untracked 
|  47|0x0000000083d00000, 0x0000000083d00000, 0x0000000083e00000|  0%| F|  |TAMS 0x0000000083d00000, 0x0000000083d00000| Untracked 
|  48|0x0000000083e00000, 0x0000000083e00000, 0x0000000083f00000|  0%| F|  |TAMS 0x0000000083e00000, 0x0000000083e00000| Untracked 
|  49|0x0000000083f00000, 0x0000000083f00000, 0x0000000084000000|  0%| F|  |TAMS 0x0000000083f00000, 0x0000000083f00000| Untracked 
|  50|0x0000000084000000, 0x0000000084000000, 0x0000000084100000|  0%| F|  |TAMS 0x0000000084000000, 0x0000000084000000| Untracked 
|  51|0x0000000084100000, 0x0000000084100000, 0x0000000084200000|  0%| F|  |TAMS 0x0000000084100000, 0x0000000084100000| Untracked 
|  52|0x0000000084200000, 0x0000000084200000, 0x0000000084300000|  0%| F|  |TAMS 0x0000000084200000, 0x0000000084200000| Untracked 
|  53|0x0000000084300000, 0x0000000084300000, 0x0000000084400000|  0%| F|  |TAMS 0x0000000084300000, 0x0000000084300000| Untracked 
|  54|0x0000000084400000, 0x0000000084400000, 0x0000000084500000|  0%| F|  |TAMS 0x0000000084400000, 0x0000000084400000| Untracked 
|  55|0x0000000084500000, 0x0000000084500000, 0x0000000084600000|  0%| F|  |TAMS 0x0000000084500000, 0x0000000084500000| Untracked 
|  56|0x0000000084600000, 0x0000000084600000, 0x0000000084700000|  0%| F|  |TAMS 0x0000000084600000, 0x0000000084600000| Untracked 
|  57|0x0000000084700000, 0x0000000084700000, 0x0000000084800000|  0%| F|  |TAMS 0x0000000084700000, 0x0000000084700000| Untracked 
|  58|0x0000000084800000, 0x0000000084800000, 0x0000000084900000|  0%| F|  |TAMS 0x0000000084800000, 0x0000000084800000| Untracked 
|  59|0x0000000084900000, 0x0000000084900000, 0x0000000084a00000|  0%| F|  |TAMS 0x0000000084900000, 0x0000000084900000| Untracked 
|  60|0x0000000084a00000, 0x0000000084a00000, 0x0000000084b00000|  0%| F|  |TAMS 0x0000000084a00000, 0x0000000084a00000| Untracked 
|  61|0x0000000084b00000, 0x0000000084b00000, 0x0000000084c00000|  0%| F|  |TAMS 0x0000000084b00000, 0x0000000084b00000| Untracked 
|  62|0x0000000084c00000, 0x0000000084c00000, 0x0000000084d00000|  0%| F|  |TAMS 0x0000000084c00000, 0x0000000084c00000| Untracked 
|  63|0x0000000084d00000, 0x0000000084d00000, 0x0000000084e00000|  0%| F|  |TAMS 0x0000000084d00000, 0x0000000084d00000| Untracked 
|  64|0x0000000084e00000, 0x0000000084e00000, 0x0000000084f00000|  0%| F|  |TAMS 0x0000000084e00000, 0x0000000084e00000| Untracked 
|  65|0x0000000084f00000, 0x0000000084f00000, 0x0000000085000000|  0%| F|  |TAMS 0x0000000084f00000, 0x0000000084f00000| Untracked 
|  66|0x0000000085000000, 0x0000000085000000, 0x0000000085100000|  0%| F|  |TAMS 0x0000000085000000, 0x0000000085000000| Untracked 
|  67|0x0000000085100000, 0x0000000085100000, 0x0000000085200000|  0%| F|  |TAMS 0x0000000085100000, 0x0000000085100000| Untracked 
|  68|0x0000000085200000, 0x0000000085200000, 0x0000000085300000|  0%| F|  |TAMS 0x0000000085200000, 0x0000000085200000| Untracked 
|  69|0x0000000085300000, 0x0000000085300000, 0x0000000085400000|  0%| F|  |TAMS 0x0000000085300000, 0x0000000085300000| Untracked 
|  70|0x0000000085400000, 0x0000000085400000, 0x0000000085500000|  0%| F|  |TAMS 0x0000000085400000, 0x0000000085400000| Untracked 
|  71|0x0000000085500000, 0x0000000085500000, 0x0000000085600000|  0%| F|  |TAMS 0x0000000085500000, 0x0000000085500000| Untracked 
|  72|0x0000000085600000, 0x0000000085600000, 0x0000000085700000|  0%| F|  |TAMS 0x0000000085600000, 0x0000000085600000| Untracked 
|  73|0x0000000085700000, 0x0000000085700000, 0x0000000085800000|  0%| F|  |TAMS 0x0000000085700000, 0x0000000085700000| Untracked 
|  74|0x0000000085800000, 0x0000000085800000, 0x0000000085900000|  0%| F|  |TAMS 0x0000000085800000, 0x0000000085800000| Untracked 
|  75|0x0000000085900000, 0x0000000085900000, 0x0000000085a00000|  0%| F|  |TAMS 0x0000000085900000, 0x0000000085900000| Untracked 
|  76|0x0000000085a00000, 0x0000000085a00000, 0x0000000085b00000|  0%| F|  |TAMS 0x0000000085a00000, 0x0000000085a00000| Untracked 
|  77|0x0000000085b00000, 0x0000000085b00000, 0x0000000085c00000|  0%| F|  |TAMS 0x0000000085b00000, 0x0000000085b00000| Untracked 
|  78|0x0000000085c00000, 0x0000000085c00000, 0x0000000085d00000|  0%| F|  |TAMS 0x0000000085c00000, 0x0000000085c00000| Untracked 
|  79|0x0000000085d00000, 0x0000000085d00000, 0x0000000085e00000|  0%| F|  |TAMS 0x0000000085d00000, 0x0000000085d00000| Untracked 
|  80|0x0000000085e00000, 0x0000000085e00000, 0x0000000085f00000|  0%| F|  |TAMS 0x0000000085e00000, 0x0000000085e00000| Untracked 
|  81|0x0000000085f00000, 0x0000000085f00000, 0x0000000086000000|  0%| F|  |TAMS 0x0000000085f00000, 0x0000000085f00000| Untracked 
|  82|0x0000000086000000, 0x0000000086000000, 0x0000000086100000|  0%| F|  |TAMS 0x0000000086000000, 0x0000000086000000| Untracked 
|  83|0x0000000086100000, 0x0000000086100000, 0x0000000086200000|  0%| F|  |TAMS 0x0000000086100000, 0x0000000086100000| Untracked 
|  84|0x0000000086200000, 0x0000000086200000, 0x0000000086300000|  0%| F|  |TAMS 0x0000000086200000, 0x0000000086200000| Untracked 
|  85|0x0000000086300000, 0x0000000086300000, 0x0000000086400000|  0%| F|  |TAMS 0x0000000086300000, 0x0000000086300000| Untracked 
|  86|0x0000000086400000, 0x0000000086400000, 0x0000000086500000|  0%| F|  |TAMS 0x0000000086400000, 0x0000000086400000| Untracked 
|  87|0x0000000086500000, 0x0000000086500000, 0x0000000086600000|  0%| F|  |TAMS 0x0000000086500000, 0x0000000086500000| Untracked 
|  88|0x0000000086600000, 0x0000000086600000, 0x0000000086700000|  0%| F|  |TAMS 0x0000000086600000, 0x0000000086600000| Untracked 
|  89|0x0000000086700000, 0x0000000086700000, 0x0000000086800000|  0%| F|  |TAMS 0x0000000086700000, 0x0000000086700000| Untracked 
|  90|0x0000000086800000, 0x0000000086800000, 0x0000000086900000|  0%| F|  |TAMS 0x0000000086800000, 0x0000000086800000| Untracked 
|  91|0x0000000086900000, 0x0000000086900000, 0x0000000086a00000|  0%| F|  |TAMS 0x0000000086900000, 0x0000000086900000| Untracked 
|  92|0x0000000086a00000, 0x0000000086a00000, 0x0000000086b00000|  0%| F|  |TAMS 0x0000000086a00000, 0x0000000086a00000| Untracked 
|  93|0x0000000086b00000, 0x0000000086b00000, 0x0000000086c00000|  0%| F|  |TAMS 0x0000000086b00000, 0x0000000086b00000| Untracked 
|  94|0x0000000086c00000, 0x0000000086c00000, 0x0000000086d00000|  0%| F|  |TAMS 0x0000000086c00000, 0x0000000086c00000| Untracked 
|  95|0x0000000086d00000, 0x0000000086d00000, 0x0000000086e00000|  0%| F|  |TAMS 0x0000000086d00000, 0x0000000086d00000| Untracked 
|  96|0x0000000086e00000, 0x0000000086e00000, 0x0000000086f00000|  0%| F|  |TAMS 0x0000000086e00000, 0x0000000086e00000| Untracked 
|  97|0x0000000086f00000, 0x0000000086f00000, 0x0000000087000000|  0%| F|  |TAMS 0x0000000086f00000, 0x0000000086f00000| Untracked 
|  98|0x0000000087000000, 0x0000000087000000, 0x0000000087100000|  0%| F|  |TAMS 0x0000000087000000, 0x0000000087000000| Untracked 
|  99|0x0000000087100000, 0x0000000087100000, 0x0000000087200000|  0%| F|  |TAMS 0x0000000087100000, 0x0000000087100000| Untracked 
| 100|0x0000000087200000, 0x0000000087200000, 0x0000000087300000|  0%| F|  |TAMS 0x0000000087200000, 0x0000000087200000| Untracked 
| 101|0x0000000087300000, 0x0000000087300000, 0x0000000087400000|  0%| F|  |TAMS 0x0000000087300000, 0x0000000087300000| Untracked 
| 102|0x0000000087400000, 0x0000000087400000, 0x0000000087500000|  0%| F|  |TAMS 0x0000000087400000, 0x0000000087400000| Untracked 
| 103|0x0000000087500000, 0x0000000087500000, 0x0000000087600000|  0%| F|  |TAMS 0x0000000087500000, 0x0000000087500000| Untracked 
| 104|0x0000000087600000, 0x0000000087600000, 0x0000000087700000|  0%| F|  |TAMS 0x0000000087600000, 0x0000000087600000| Untracked 
| 105|0x0000000087700000, 0x0000000087700000, 0x0000000087800000|  0%| F|  |TAMS 0x0000000087700000, 0x0000000087700000| Untracked 
| 106|0x0000000087800000, 0x0000000087800000, 0x0000000087900000|  0%| F|  |TAMS 0x0000000087800000, 0x0000000087800000| Untracked 
| 107|0x0000000087900000, 0x0000000087900000, 0x0000000087a00000|  0%| F|  |TAMS 0x0000000087900000, 0x0000000087900000| Untracked 
| 108|0x0000000087a00000, 0x0000000087a00000, 0x0000000087b00000|  0%| F|  |TAMS 0x0000000087a00000, 0x0000000087a00000| Untracked 
| 109|0x0000000087b00000, 0x0000000087b00000, 0x0000000087c00000|  0%| F|  |TAMS 0x0000000087b00000, 0x0000000087b00000| Untracked 
| 110|0x0000000087c00000, 0x0000000087c00000, 0x0000000087d00000|  0%| F|  |TAMS 0x0000000087c00000, 0x0000000087c00000| Untracked 
| 111|0x0000000087d00000, 0x0000000087d00000, 0x0000000087e00000|  0%| F|  |TAMS 0x0000000087d00000, 0x0000000087d00000| Untracked 
| 112|0x0000000087e00000, 0x0000000087e00000, 0x0000000087f00000|  0%| F|  |TAMS 0x0000000087e00000, 0x0000000087e00000| Untracked 
| 113|0x0000000087f00000, 0x0000000087f00000, 0x0000000088000000|  0%| F|  |TAMS 0x0000000087f00000, 0x0000000087f00000| Untracked 
| 114|0x0000000088000000, 0x0000000088000000, 0x0000000088100000|  0%| F|  |TAMS 0x0000000088000000, 0x0000000088000000| Untracked 
| 115|0x0000000088100000, 0x0000000088100000, 0x0000000088200000|  0%| F|  |TAMS 0x0000000088100000, 0x0000000088100000| Untracked 
| 116|0x0000000088200000, 0x0000000088200000, 0x0000000088300000|  0%| F|  |TAMS 0x0000000088200000, 0x0000000088200000| Untracked 
| 117|0x0000000088300000, 0x0000000088300000, 0x0000000088400000|  0%| F|  |TAMS 0x0000000088300000, 0x0000000088300000| Untracked 
| 118|0x0000000088400000, 0x0000000088400000, 0x0000000088500000|  0%| F|  |TAMS 0x0000000088400000, 0x0000000088400000| Untracked 
| 119|0x0000000088500000, 0x0000000088500000, 0x0000000088600000|  0%| F|  |TAMS 0x0000000088500000, 0x0000000088500000| Untracked 
| 120|0x0000000088600000, 0x0000000088600000, 0x0000000088700000|  0%| F|  |TAMS 0x0000000088600000, 0x0000000088600000| Untracked 
| 121|0x0000000088700000, 0x0000000088700000, 0x0000000088800000|  0%| F|  |TAMS 0x0000000088700000, 0x0000000088700000| Untracked 
| 122|0x0000000088800000, 0x0000000088800000, 0x0000000088900000|  0%| F|  |TAMS 0x0000000088800000, 0x0000000088800000| Untracked 
| 123|0x0000000088900000, 0x0000000088900000, 0x0000000088a00000|  0%| F|  |TAMS 0x0000000088900000, 0x0000000088900000| Untracked 
| 124|0x0000000088a00000, 0x0000000088a00000, 0x0000000088b00000|  0%| F|  |TAMS 0x0000000088a00000, 0x0000000088a00000| Untracked 
| 125|0x0000000088b00000, 0x0000000088b00000, 0x0000000088c00000|  0%| F|  |TAMS 0x0000000088b00000, 0x0000000088b00000| Untracked 
| 126|0x0000000088c00000, 0x0000000088c00000, 0x0000000088d00000|  0%| F|  |TAMS 0x0000000088c00000, 0x0000000088c00000| Untracked 
| 127|0x0000000088d00000, 0x0000000088d00000, 0x0000000088e00000|  0%| F|  |TAMS 0x0000000088d00000, 0x0000000088d00000| Untracked 
| 128|0x0000000088e00000, 0x0000000088e00000, 0x0000000088f00000|  0%| F|  |TAMS 0x0000000088e00000, 0x0000000088e00000| Untracked 
| 129|0x0000000088f00000, 0x0000000088f00000, 0x0000000089000000|  0%| F|  |TAMS 0x0000000088f00000, 0x0000000088f00000| Untracked 
| 130|0x0000000089000000, 0x0000000089000000, 0x0000000089100000|  0%| F|  |TAMS 0x0000000089000000, 0x0000000089000000| Untracked 
| 131|0x0000000089100000, 0x0000000089100000, 0x0000000089200000|  0%| F|  |TAMS 0x0000000089100000, 0x0000000089100000| Untracked 
| 132|0x0000000089200000, 0x0000000089200000, 0x0000000089300000|  0%| F|  |TAMS 0x0000000089200000, 0x0000000089200000| Untracked 
| 133|0x0000000089300000, 0x0000000089300000, 0x0000000089400000|  0%| F|  |TAMS 0x0000000089300000, 0x0000000089300000| Untracked 
| 134|0x0000000089400000, 0x0000000089400000, 0x0000000089500000|  0%| F|  |TAMS 0x0000000089400000, 0x0000000089400000| Untracked 
| 135|0x0000000089500000, 0x0000000089500000, 0x0000000089600000|  0%| F|  |TAMS 0x0000000089500000, 0x0000000089500000| Untracked 
| 136|0x0000000089600000, 0x0000000089600000, 0x0000000089700000|  0%| F|  |TAMS 0x0000000089600000, 0x0000000089600000| Untracked 
| 137|0x0000000089700000, 0x0000000089700000, 0x0000000089800000|  0%| F|  |TAMS 0x0000000089700000, 0x0000000089700000| Untracked 
| 138|0x0000000089800000, 0x0000000089880800, 0x0000000089900000| 50%| E|  |TAMS 0x0000000089800000, 0x0000000089800000| Complete 
| 139|0x0000000089900000, 0x0000000089a00000, 0x0000000089a00000|100%| E|CS|TAMS 0x0000000089900000, 0x0000000089900000| Complete 
| 140|0x0000000089a00000, 0x0000000089b00000, 0x0000000089b00000|100%| E|CS|TAMS 0x0000000089a00000, 0x0000000089a00000| Complete 
| 141|0x0000000089b00000, 0x0000000089bf7d40, 0x0000000089c00000| 96%| S|CS|TAMS 0x0000000089b00000, 0x0000000089b00000| Complete 
| 142|0x0000000089c00000, 0x0000000089d00000, 0x0000000089d00000|100%| S|CS|TAMS 0x0000000089c00000, 0x0000000089c00000| Complete 
| 143|0x0000000089d00000, 0x0000000089e00000, 0x0000000089e00000|100%| S|CS|TAMS 0x0000000089d00000, 0x0000000089d00000| Complete 
| 144|0x0000000089e00000, 0x0000000089f00000, 0x0000000089f00000|100%| S|CS|TAMS 0x0000000089e00000, 0x0000000089e00000| Complete 
| 145|0x0000000089f00000, 0x000000008a000000, 0x000000008a000000|100%| S|CS|TAMS 0x0000000089f00000, 0x0000000089f00000| Complete 
| 146|0x000000008a000000, 0x000000008a100000, 0x000000008a100000|100%| S|CS|TAMS 0x000000008a000000, 0x000000008a000000| Complete 
| 147|0x000000008a100000, 0x000000008a200000, 0x000000008a200000|100%| S|CS|TAMS 0x000000008a100000, 0x000000008a100000| Complete 
| 148|0x000000008a200000, 0x000000008a300000, 0x000000008a300000|100%| E|CS|TAMS 0x000000008a200000, 0x000000008a200000| Complete 
| 149|0x000000008a300000, 0x000000008a400000, 0x000000008a400000|100%| E|CS|TAMS 0x000000008a300000, 0x000000008a300000| Complete 
| 150|0x000000008a400000, 0x000000008a500000, 0x000000008a500000|100%| E|CS|TAMS 0x000000008a400000, 0x000000008a400000| Complete 
| 151|0x000000008a500000, 0x000000008a600000, 0x000000008a600000|100%| E|CS|TAMS 0x000000008a500000, 0x000000008a500000| Complete 
| 152|0x000000008a600000, 0x000000008a700000, 0x000000008a700000|100%| E|CS|TAMS 0x000000008a600000, 0x000000008a600000| Complete 
| 153|0x000000008a700000, 0x000000008a800000, 0x000000008a800000|100%| E|CS|TAMS 0x000000008a700000, 0x000000008a700000| Complete 

Card table byte_map: [0x0000023ce5360000,0x0000023ce5760000] _byte_map_base: 0x0000023ce4f59000

Marking Bits (Prev, Next): (CMBitMap*) 0x0000023ccb643b48, (CMBitMap*) 0x0000023ccb643b80
 Prev Bits: [0x0000023ce5b60000, 0x0000023ce7b28000)
 Next Bits: [0x0000023ce7b30000, 0x0000023ce9af8000)

Polling page: 0x0000023ccb490000

Metaspace:

Usage:
  Non-class:     52.36 MB capacity,    51.40 MB ( 98%) used,   793.62 KB (  1%) free+waste,   186.56 KB ( <1%) overhead. 
      Class:      7.91 MB capacity,     7.30 MB ( 92%) used,   531.48 KB (  7%) free+waste,    87.88 KB (  1%) overhead. 
       Both:     60.27 MB capacity,    58.70 MB ( 97%) used,     1.29 MB (  2%) free+waste,   274.44 KB ( <1%) overhead. 

Virtual space:
  Non-class space:       54.00 MB reserved,      52.42 MB ( 97%) committed 
      Class space:        1.00 GB reserved,       8.00 MB ( <1%) committed 
             Both:        1.05 GB reserved,      60.42 MB (  6%) committed 

Chunk freelists:
   Non-Class:  0 bytes
       Class:  24.00 KB
        Both:  24.00 KB

MaxMetaspaceSize: 17179869184.00 GB
CompressedClassSpaceSize: 1.00 GB
Initial GC threshold: 20.80 MB
Current GC threshold: 60.45 MB
CDS: off

CodeHeap 'non-profiled nmethods': size=120000Kb used=3299Kb max_used=3299Kb free=116700Kb
 bounds [0x0000023cdcfd0000, 0x0000023cdd310000, 0x0000023ce4500000]
CodeHeap 'profiled nmethods': size=120000Kb used=10234Kb max_used=10234Kb free=109765Kb
 bounds [0x0000023cd5aa0000, 0x0000023cd64a0000, 0x0000023cdcfd0000]
CodeHeap 'non-nmethods': size=5760Kb used=1298Kb max_used=1353Kb free=4461Kb
 bounds [0x0000023cd5500000, 0x0000023cd5770000, 0x0000023cd5aa0000]
 total_blobs=5222 nmethods=4626 adapters=508
 compilation: enabled
              stopped_count=0, restarted_count=0
 full_count=0

Compilation events (20 events):
Event: 5.630 Thread 0x0000023cec604000 4533       1       org.springframework.boot.web.servlet.context.ServletWebServerApplicationContext::getServletConfig (5 bytes)
Event: 5.630 Thread 0x0000023cec604000 nmethod 4533 0x0000023cdd2f5a10 code [0x0000023cdd2f5bc0, 0x0000023cdd2f5c78]
Event: 5.630 Thread 0x0000023cec604000 4534       1       org.springframework.web.context.support.ServletContextAwareProcessor::getServletConfig (5 bytes)
Event: 5.630 Thread 0x0000023cec604000 nmethod 4534 0x0000023cdd2f5d10 code [0x0000023cdd2f5ec0, 0x0000023cdd2f5f78]
Event: 5.640 Thread 0x0000023cecfed800 nmethod 4529 0x0000023cdd2f6010 code [0x0000023cdd2f61e0, 0x0000023cdd2f6c98]
Event: 5.640 Thread 0x0000023cecfed800 4520   !   4       org.springframework.core.annotation.AnnotationsScanner::processClassHierarchy (227 bytes)
Event: 5.649 Thread 0x0000023cec604000 4535       3       java.lang.PublicMethods$MethodList::merge (25 bytes)
Event: 5.650 Thread 0x0000023cec604000 nmethod 4535 0x0000023cd6465310 code [0x0000023cd64654e0, 0x0000023cd64656a8]
Event: 5.653 Thread 0x0000023cec604000 4537       2       java.lang.Class::getMethodsRecursive (99 bytes)
Event: 5.654 Thread 0x0000023cec604000 nmethod 4537 0x0000023cd6465790 code [0x0000023cd64659a0, 0x0000023cd6465d48]
Event: 5.654 Thread 0x0000023cec604000 4538       3       sun.reflect.generics.parser.SignatureParser::parseZeroOrMoreFormalTypeParameters (19 bytes)
Event: 5.654 Thread 0x0000023cec604000 nmethod 4538 0x0000023cd6466010 code [0x0000023cd64661e0, 0x0000023cd6466418]
Event: 5.674 Thread 0x0000023cec604000 4539       3       java.lang.CharacterDataLatin1::isWhitespace (23 bytes)
Event: 5.674 Thread 0x0000023cec604000 nmethod 4539 0x0000023cd6466510 code [0x0000023cd64666c0, 0x0000023cd64668b8]
Event: 5.679 Thread 0x0000023cece70800 nmethod 4483 0x0000023cdd2f7190 code [0x0000023cdd2f7600, 0x0000023cdd2fa938]
Event: 5.679 Thread 0x0000023cece70800 4536 %     4       java.lang.PublicMethods$MethodList::filter @ 17 (104 bytes)
Event: 5.691 Thread 0x0000023cece70800 nmethod 4536% 0x0000023cdd2fc910 code [0x0000023cdd2fcae0, 0x0000023cdd2fd5f8]
Event: 5.691 Thread 0x0000023cece70800 4522       4       java.lang.Class::getInterfaces (6 bytes)
Event: 5.694 Thread 0x0000023cece70800 nmethod 4522 0x0000023cdd2fdb10 code [0x0000023cdd2fdcc0, 0x0000023cdd2fdf38]
Event: 5.694 Thread 0x0000023cece70800 4519       4       java.lang.Class::getDeclaredAnnotations (11 bytes)

GC Heap History (16 events):
Event: 0.803 GC heap before
{Heap before GC invocations=0 (full 0):
 garbage-first heap   total 131072K, used 24576K [0x0000000080e00000, 0x0000000100000000)
  region size 1024K, 24 young (24576K), 0 survivors (0K)
 Metaspace       used 11680K, capacity 11919K, committed 12032K, reserved 1060864K
  class space    used 1113K, capacity 1184K, committed 1280K, reserved 1048576K
}
Event: 0.806 GC heap after
{Heap after GC invocations=1 (full 0):
 garbage-first heap   total 131072K, used 6163K [0x0000000080e00000, 0x0000000100000000)
  region size 1024K, 3 young (3072K), 3 survivors (3072K)
 Metaspace       used 11680K, capacity 11919K, committed 12032K, reserved 1060864K
  class space    used 1113K, capacity 1184K, committed 1280K, reserved 1048576K
}
Event: 1.452 GC heap before
{Heap before GC invocations=1 (full 0):
 garbage-first heap   total 131072K, used 49171K [0x0000000080e00000, 0x0000000100000000)
  region size 1024K, 47 young (48128K), 3 survivors (3072K)
 Metaspace       used 20681K, capacity 21179K, committed 21296K, reserved 1069056K
  class space    used 2201K, capacity 2415K, committed 2432K, reserved 1048576K
}
Event: 1.457 GC heap after
{Heap after GC invocations=2 (full 0):
 garbage-first heap   total 131072K, used 8195K [0x0000000080e00000, 0x0000000100000000)
  region size 1024K, 5 young (5120K), 5 survivors (5120K)
 Metaspace       used 20681K, capacity 21179K, committed 21296K, reserved 1069056K
  class space    used 2201K, capacity 2415K, committed 2432K, reserved 1048576K
}
Event: 1.927 GC heap before
{Heap before GC invocations=3 (full 0):
 garbage-first heap   total 131072K, used 52227K [0x0000000080e00000, 0x0000000100000000)
  region size 1024K, 48 young (49152K), 5 survivors (5120K)
 Metaspace       used 25763K, capacity 26342K, committed 26672K, reserved 1073152K
  class space    used 2844K, capacity 3108K, committed 3200K, reserved 1048576K
}
Event: 1.932 GC heap after
{Heap after GC invocations=4 (full 0):
 garbage-first heap   total 131072K, used 10234K [0x0000000080e00000, 0x0000000100000000)
  region size 1024K, 4 young (4096K), 4 survivors (4096K)
 Metaspace       used 25763K, capacity 26342K, committed 26672K, reserved 1073152K
  class space    used 2844K, capacity 3108K, committed 3200K, reserved 1048576K
}
Event: 2.856 GC heap before
{Heap before GC invocations=4 (full 0):
 garbage-first heap   total 131072K, used 68602K [0x0000000080e00000, 0x0000000100000000)
  region size 1024K, 61 young (62464K), 4 survivors (4096K)
 Metaspace       used 31380K, capacity 32251K, committed 32304K, reserved 1077248K
  class space    used 3587K, capacity 3952K, committed 3968K, reserved 1048576K
}
Event: 2.862 GC heap after
{Heap after GC invocations=5 (full 0):
 garbage-first heap   total 131072K, used 12463K [0x0000000080e00000, 0x0000000100000000)
  region size 1024K, 7 young (7168K), 7 survivors (7168K)
 Metaspace       used 31380K, capacity 32251K, committed 32304K, reserved 1077248K
  class space    used 3587K, capacity 3952K, committed 3968K, reserved 1048576K
}
Event: 3.305 GC heap before
{Heap before GC invocations=5 (full 0):
 garbage-first heap   total 131072K, used 31919K [0x0000000080e00000, 0x0000000100000000)
  region size 1024K, 27 young (27648K), 7 survivors (7168K)
 Metaspace       used 34769K, capacity 35857K, committed 35888K, reserved 1081344K
  class space    used 4026K, capacity 4476K, committed 4480K, reserved 1048576K
}
Event: 3.314 GC heap after
{Heap after GC invocations=6 (full 0):
 garbage-first heap   total 131072K, used 14170K [0x0000000080e00000, 0x0000000100000000)
  region size 1024K, 6 young (6144K), 6 survivors (6144K)
 Metaspace       used 34769K, capacity 35857K, committed 35888K, reserved 1081344K
  class space    used 4026K, capacity 4476K, committed 4480K, reserved 1048576K
}
Event: 4.378 GC heap before
{Heap before GC invocations=7 (full 0):
 garbage-first heap   total 131072K, used 86874K [0x0000000080e00000, 0x0000000100000000)
  region size 1024K, 75 young (76800K), 6 survivors (6144K)
 Metaspace       used 45633K, capacity 46901K, committed 47024K, reserved 1091584K
  class space    used 5324K, capacity 5834K, committed 5888K, reserved 1048576K
}
Event: 4.385 GC heap after
{Heap after GC invocations=8 (full 0):
 garbage-first heap   total 131072K, used 20180K [0x0000000080e00000, 0x0000000100000000)
  region size 1024K, 9 young (9216K), 9 survivors (9216K)
 Metaspace       used 45633K, capacity 46901K, committed 47024K, reserved 1091584K
  class space    used 5324K, capacity 5834K, committed 5888K, reserved 1048576K
}
Event: 5.587 GC heap before
{Heap before GC invocations=8 (full 0):
 garbage-first heap   total 131072K, used 87764K [0x0000000080e00000, 0x0000000100000000)
  region size 1024K, 76 young (77824K), 9 survivors (9216K)
 Metaspace       used 57778K, capacity 59131K, committed 59440K, reserved 1101824K
  class space    used 7178K, capacity 7727K, committed 7808K, reserved 1048576K
}
Event: 5.595 GC heap after
{Heap after GC invocations=9 (full 0):
 garbage-first heap   total 157696K, used 22297K [0x0000000080e00000, 0x0000000100000000)
  region size 1024K, 8 young (8192K), 8 survivors (8192K)
 Metaspace       used 57778K, capacity 59131K, committed 59440K, reserved 1101824K
  class space    used 7178K, capacity 7727K, committed 7808K, reserved 1048576K
}
Event: 5.696 GC heap before
{Heap before GC invocations=9 (full 0):
 garbage-first heap   total 157696K, used 27417K [0x0000000080e00000, 0x0000000100000000)
  region size 1024K, 14 young (14336K), 8 survivors (8192K)
 Metaspace       used 58789K, capacity 60115K, committed 60240K, reserved 1101824K
  class space    used 7291K, capacity 7843K, committed 7936K, reserved 1048576K
}
Event: 5.703 GC heap after
{Heap after GC invocations=10 (full 0):
 garbage-first heap   total 157696K, used 23131K [0x0000000080e00000, 0x0000000100000000)
  region size 1024K, 7 young (7168K), 7 survivors (7168K)
 Metaspace       used 58789K, capacity 60115K, committed 60240K, reserved 1101824K
  class space    used 7291K, capacity 7843K, committed 7936K, reserved 1048576K
}

Deoptimization events (20 events):
Event: 5.649 Thread 0x0000023cedf43000 Uncommon trap: trap_request=0xffffffbe fr.pc=0x0000023cdd2f6aa8 relative=0x00000000000008c8
Event: 5.649 Thread 0x0000023cedf43000 Uncommon trap: reason=profile_predicate action=maybe_recompile pc=0x0000023cdd2f6aa8 method=java.lang.PublicMethods$MethodList.filter([Ljava/lang/reflect/Method;Ljava/lang/String;[Ljava/lang/Class;Z)Ljava/lang/PublicMethods$MethodList; @ 21 c2
Event: 5.649 Thread 0x0000023cedf43000 DEOPT PACKING pc=0x0000023cdd2f6aa8 sp=0x000000d4891fbfc0
Event: 5.649 Thread 0x0000023cedf43000 DEOPT UNPACKING pc=0x0000023cd554a1af sp=0x000000d4891fbf98 mode 2
Event: 5.649 Thread 0x0000023cedf43000 Uncommon trap: trap_request=0xffffffbe fr.pc=0x0000023cdd2f6aa8 relative=0x00000000000008c8
Event: 5.649 Thread 0x0000023cedf43000 Uncommon trap: reason=profile_predicate action=maybe_recompile pc=0x0000023cdd2f6aa8 method=java.lang.PublicMethods$MethodList.filter([Ljava/lang/reflect/Method;Ljava/lang/String;[Ljava/lang/Class;Z)Ljava/lang/PublicMethods$MethodList; @ 21 c2
Event: 5.649 Thread 0x0000023cedf43000 DEOPT PACKING pc=0x0000023cdd2f6aa8 sp=0x000000d4891fbf10
Event: 5.649 Thread 0x0000023cedf43000 DEOPT UNPACKING pc=0x0000023cd554a1af sp=0x000000d4891fbee8 mode 2
Event: 5.649 Thread 0x0000023cedf43000 Uncommon trap: trap_request=0xffffffbe fr.pc=0x0000023cdd2f6aa8 relative=0x00000000000008c8
Event: 5.649 Thread 0x0000023cedf43000 Uncommon trap: reason=profile_predicate action=maybe_recompile pc=0x0000023cdd2f6aa8 method=java.lang.PublicMethods$MethodList.filter([Ljava/lang/reflect/Method;Ljava/lang/String;[Ljava/lang/Class;Z)Ljava/lang/PublicMethods$MethodList; @ 21 c2
Event: 5.649 Thread 0x0000023cedf43000 DEOPT PACKING pc=0x0000023cdd2f6aa8 sp=0x000000d4891fbf00
Event: 5.649 Thread 0x0000023cedf43000 DEOPT UNPACKING pc=0x0000023cd554a1af sp=0x000000d4891fbed8 mode 2
Event: 5.649 Thread 0x0000023cedf43000 Uncommon trap: trap_request=0xffffffbe fr.pc=0x0000023cdd2f6aa8 relative=0x00000000000008c8
Event: 5.649 Thread 0x0000023cedf43000 Uncommon trap: reason=profile_predicate action=maybe_recompile pc=0x0000023cdd2f6aa8 method=java.lang.PublicMethods$MethodList.filter([Ljava/lang/reflect/Method;Ljava/lang/String;[Ljava/lang/Class;Z)Ljava/lang/PublicMethods$MethodList; @ 21 c2
Event: 5.649 Thread 0x0000023cedf43000 DEOPT PACKING pc=0x0000023cdd2f6aa8 sp=0x000000d4891fbfc0
Event: 5.649 Thread 0x0000023cedf43000 DEOPT UNPACKING pc=0x0000023cd554a1af sp=0x000000d4891fbf98 mode 2
Event: 5.654 Thread 0x0000023cedf43000 Uncommon trap: trap_request=0xffffffde fr.pc=0x0000023cdd150174 relative=0x0000000000006734
Event: 5.654 Thread 0x0000023cedf43000 Uncommon trap: reason=class_check action=maybe_recompile pc=0x0000023cdd150174 method=org.springframework.core.ResolvableType.resolveType()Lorg/springframework/core/ResolvableType; @ 101 c2
Event: 5.654 Thread 0x0000023cedf43000 DEOPT PACKING pc=0x0000023cdd150174 sp=0x000000d4891fb930
Event: 5.654 Thread 0x0000023cedf43000 DEOPT UNPACKING pc=0x0000023cd554a1af sp=0x000000d4891fb800 mode 2

Classes redefined (0 events):
No events

Internal exceptions (20 events):
Event: 5.547 Thread 0x0000023cedf43000 Exception <a 'java/lang/ClassNotFoundException'{0x0000000084d73e98}: org/springframework/data/repository/core/support/TransactionalRepositoryFactoryBeanSupportCustomizer> (0x0000000084d73e98) thrown at [./src/hotspot/share/classfile/systemDictionary.cpp, line 230]
Event: 5.548 Thread 0x0000023cedf43000 Exception <a 'java/lang/ClassNotFoundException'{0x0000000084d92550}: org/springframework/data/jpa/repository/support/JpaRepositoryFactoryBeanCustomizer> (0x0000000084d92550) thrown at [./src/hotspot/share/classfile/systemDictionary.cpp, line 230]
Event: 5.550 Thread 0x0000023cedf43000 Exception <a 'java/lang/ClassNotFoundException'{0x0000000084dd1ab8}: org/springframework/beans/factory/BeanFactoryAwareCustomizer> (0x0000000084dd1ab8) thrown at [./src/hotspot/share/classfile/systemDictionary.cpp, line 230]
Event: 5.550 Thread 0x0000023cedf43000 Exception <a 'java/lang/ClassNotFoundException'{0x0000000084de31b0}: org/springframework/beans/factory/AwareCustomizer> (0x0000000084de31b0) thrown at [./src/hotspot/share/classfile/systemDictionary.cpp, line 230]
Event: 5.551 Thread 0x0000023cedf43000 Exception <a 'java/lang/ClassNotFoundException'{0x0000000084df4f58}: org/springframework/beans/factory/InitializingBeanCustomizer> (0x0000000084df4f58) thrown at [./src/hotspot/share/classfile/systemDictionary.cpp, line 230]
Event: 5.552 Thread 0x0000023cedf43000 Exception <a 'java/lang/ClassNotFoundException'{0x0000000084c0b678}: org/springframework/data/repository/core/support/RepositoryFactoryInformationCustomizer> (0x0000000084c0b678) thrown at [./src/hotspot/share/classfile/systemDictionary.cpp, line 230]
Event: 5.552 Thread 0x0000023cedf43000 Exception <a 'java/lang/ClassNotFoundException'{0x0000000084c23310}: org/springframework/beans/factory/FactoryBeanCustomizer> (0x0000000084c23310) thrown at [./src/hotspot/share/classfile/systemDictionary.cpp, line 230]
Event: 5.553 Thread 0x0000023cedf43000 Exception <a 'java/lang/ClassNotFoundException'{0x0000000084c39798}: org/springframework/beans/factory/BeanClassLoaderAwareCustomizer> (0x0000000084c39798) thrown at [./src/hotspot/share/classfile/systemDictionary.cpp, line 230]
Event: 5.554 Thread 0x0000023cedf43000 Exception <a 'java/lang/ClassNotFoundException'{0x0000000084c4a990}: org/springframework/beans/factory/AwareCustomizer> (0x0000000084c4a990) thrown at [./src/hotspot/share/classfile/systemDictionary.cpp, line 230]
Event: 5.555 Thread 0x0000023cedf43000 Exception <a 'java/lang/ClassNotFoundException'{0x0000000084c5c6d0}: org/springframework/beans/factory/BeanFactoryAwareCustomizer> (0x0000000084c5c6d0) thrown at [./src/hotspot/share/classfile/systemDictionary.cpp, line 230]
Event: 5.556 Thread 0x0000023cedf43000 Exception <a 'java/lang/ClassNotFoundException'{0x0000000084c6ddc8}: org/springframework/beans/factory/AwareCustomizer> (0x0000000084c6ddc8) thrown at [./src/hotspot/share/classfile/systemDictionary.cpp, line 230]
Event: 5.556 Thread 0x0000023cedf43000 Exception <a 'java/lang/ClassNotFoundException'{0x0000000084c80e48}: org/springframework/context/ApplicationEventPublisherAwareCustomizer> (0x0000000084c80e48) thrown at [./src/hotspot/share/classfile/systemDictionary.cpp, line 230]
Event: 5.557 Thread 0x0000023cedf43000 Exception <a 'java/lang/ClassNotFoundException'{0x0000000084c92798}: org/springframework/beans/factory/AwareCustomizer> (0x0000000084c92798) thrown at [./src/hotspot/share/classfile/systemDictionary.cpp, line 230]
Event: 5.564 Thread 0x0000023cedf43000 Exception <a 'java/lang/ClassNotFoundException'{0x0000000084cc6498}: java/lang/ObjectCustomizer> (0x0000000084cc6498) thrown at [./src/hotspot/share/classfile/systemDictionary.cpp, line 230]
Event: 5.566 Thread 0x0000023cedf43000 Exception <a 'java/lang/ClassNotFoundException'{0x0000000084cdd0a0}: org/springframework/core/io/support/PropertiesLoaderSupportCustomizer> (0x0000000084cdd0a0) thrown at [./src/hotspot/share/classfile/systemDictionary.cpp, line 230]
Event: 5.568 Thread 0x0000023cedf43000 Exception <a 'java/lang/ClassNotFoundException'{0x0000000084cf9748}: org/springframework/beans/factory/config/PropertiesFactoryBeanCustomizer> (0x0000000084cf9748) thrown at [./src/hotspot/share/classfile/systemDictionary.cpp, line 230]
Event: 5.570 Thread 0x0000023cedf43000 Exception <a 'java/lang/ClassNotFoundException'{0x0000000084b1bdc8}: org/springframework/beans/factory/FactoryBeanCustomizer> (0x0000000084b1bdc8) thrown at [./src/hotspot/share/classfile/systemDictionary.cpp, line 230]
Event: 5.571 Thread 0x0000023cedf43000 Exception <a 'java/lang/ClassNotFoundException'{0x0000000084b30d68}: org/springframework/beans/factory/InitializingBeanCustomizer> (0x0000000084b30d68) thrown at [./src/hotspot/share/classfile/systemDictionary.cpp, line 230]
Event: 5.629 Thread 0x0000023cedf43000 Implicit null exception at 0x0000023cdd2f2006 to 0x0000023cdd2f3bd5
Event: 5.665 Thread 0x0000023cedf43000 Exception <a 'java/lang/IncompatibleClassChangeError'{0x000000008a37abf8}: Found class java.lang.Object, but interface was expected> (0x000000008a37abf8) thrown at [./src/hotspot/share/interpreter/linkResolver.cpp, line 839]

Events (20 events):
Event: 5.691 loading class org/hibernate/engine/spi/ExceptionConverter
Event: 5.691 loading class org/hibernate/engine/spi/ExceptionConverter done
Event: 5.692 loading class org/hibernate/engine/transaction/spi/TransactionImplementor
Event: 5.692 loading class org/hibernate/engine/transaction/spi/TransactionImplementor done
Event: 5.692 loading class org/hibernate/transform/ResultTransformer
Event: 5.692 loading class org/hibernate/transform/ResultTransformer done
Event: 5.693 loading class org/hibernate/engine/spi/NamedQueryDefinition
Event: 5.693 loading class org/hibernate/engine/spi/NamedQueryDefinition done
Event: 5.693 loading class org/hibernate/engine/spi/NamedSQLQueryDefinition
Event: 5.693 loading class org/hibernate/engine/spi/NamedSQLQueryDefinition done
Event: 5.693 loading class org/hibernate/query/spi/NativeQueryImplementor
Event: 5.693 loading class org/hibernate/query/spi/NativeQueryImplementor done
Event: 5.696 Executing VM operation: CollectForMetadataAllocation
Event: 5.703 Executing VM operation: CollectForMetadataAllocation done
Event: 5.707 loading class org/hibernate/engine/spi/PersistenceContext
Event: 5.707 loading class org/hibernate/engine/spi/PersistenceContext done
Event: 5.708 loading class org/hibernate/procedure/UnknownSqlResultSetMappingException
Event: 5.708 loading class org/hibernate/procedure/UnknownSqlResultSetMappingException done
Event: 5.709 loading class org/hibernate/graph/spi/RootGraphImplementor
Event: 5.709 loading class org/hibernate/graph/spi/RootGraphImplementor done


Dynamic libraries:
0x00007ff60afd0000 - 0x00007ff60afdd000 	C:\Program Files\OpenJDK\openjdk-11.0.14.1_1\bin\java.exe
0x00007ffa407d0000 - 0x00007ffa409c7000 	C:\WINDOWS\SYSTEM32\ntdll.dll
0x00007ffa3e870000 - 0x00007ffa3e92d000 	C:\WINDOWS\System32\KERNEL32.DLL
0x00007ffa3e380000 - 0x00007ffa3e64d000 	C:\WINDOWS\System32\KERNELBASE.dll
0x00007ffa3e730000 - 0x00007ffa3e830000 	C:\WINDOWS\System32\ucrtbase.dll
0x00007ffa38bb0000 - 0x00007ffa38bc7000 	C:\Program Files\OpenJDK\openjdk-11.0.14.1_1\bin\jli.dll
0x00007ffa3ebb0000 - 0x00007ffa3ed50000 	C:\WINDOWS\System32\USER32.dll
0x00007ffa3e190000 - 0x00007ffa3e1b2000 	C:\WINDOWS\System32\win32u.dll
0x00007ffa3f490000 - 0x00007ffa3f4ba000 	C:\WINDOWS\System32\GDI32.dll
0x00007ffa3e050000 - 0x00007ffa3e15b000 	C:\WINDOWS\System32\gdi32full.dll
0x00007ffa3e270000 - 0x00007ffa3e30d000 	C:\WINDOWS\System32\msvcp_win.dll
0x00007ffa37bf0000 - 0x00007ffa37c05000 	C:\Program Files\OpenJDK\openjdk-11.0.14.1_1\bin\VCRUNTIME140.dll
0x00007ffa24980000 - 0x00007ffa24c1a000 	C:\WINDOWS\WinSxS\amd64_microsoft.windows.common-controls_6595b64144ccf1df_6.0.19041.1110_none_60b5254171f9507e\COMCTL32.dll
0x00007ffa3eb10000 - 0x00007ffa3ebae000 	C:\WINDOWS\System32\msvcrt.dll
0x00007ffa3e840000 - 0x00007ffa3e870000 	C:\WINDOWS\System32\IMM32.DLL
0x00007ffa3f2c0000 - 0x00007ffa3f3e5000 	C:\WINDOWS\System32\RPCRT4.dll
0x00007ffa3dde0000 - 0x00007ffa3de12000 	C:\WINDOWS\SYSTEM32\SspiCli.dll
0x00007ffa27be0000 - 0x00007ffa27c7b000 	C:\Program Files\OpenJDK\openjdk-11.0.14.1_1\bin\msvcp140.dll
0x00007ff9dffa0000 - 0x00007ff9e0aad000 	C:\Program Files\OpenJDK\openjdk-11.0.14.1_1\bin\server\jvm.dll
0x00007ffa40680000 - 0x00007ffa4072e000 	C:\WINDOWS\System32\ADVAPI32.dll
0x00007ffa3f3f0000 - 0x00007ffa3f48c000 	C:\WINDOWS\System32\sechost.dll
0x00007ffa40200000 - 0x00007ffa40208000 	C:\WINDOWS\System32\PSAPI.DLL
0x00007ffa271c0000 - 0x00007ffa271c9000 	C:\WINDOWS\SYSTEM32\WSOCK32.dll
0x00007ffa3fa40000 - 0x00007ffa3faab000 	C:\WINDOWS\System32\WS2_32.dll
0x00007ffa2d8e0000 - 0x00007ffa2d907000 	C:\WINDOWS\SYSTEM32\WINMM.dll
0x00007ffa36ef0000 - 0x00007ffa36efa000 	C:\WINDOWS\SYSTEM32\VERSION.dll
0x00007ffa3be10000 - 0x00007ffa3be22000 	C:\WINDOWS\SYSTEM32\kernel.appcore.dll
0x00007ffa38f20000 - 0x00007ffa38f30000 	C:\Program Files\OpenJDK\openjdk-11.0.14.1_1\bin\verify.dll
0x00007ffa26c20000 - 0x00007ffa26e04000 	C:\WINDOWS\SYSTEM32\DBGHELP.DLL
0x00007ffa25af0000 - 0x00007ffa25b1c000 	C:\WINDOWS\SYSTEM32\dbgcore.DLL
0x00007ffa3e650000 - 0x00007ffa3e6d2000 	C:\WINDOWS\System32\bcryptPrimitives.dll
0x00007ffa27bb0000 - 0x00007ffa27bd8000 	C:\Program Files\OpenJDK\openjdk-11.0.14.1_1\bin\java.dll
0x00007ffa37be0000 - 0x00007ffa37bea000 	C:\Program Files\OpenJDK\openjdk-11.0.14.1_1\bin\jimage.dll
0x00007ffa27b80000 - 0x00007ffa27b8e000 	C:\Program Files\OpenJDK\openjdk-11.0.14.1_1\bin\instrument.dll
0x00007ffa27b90000 - 0x00007ffa27ba8000 	C:\Program Files\OpenJDK\openjdk-11.0.14.1_1\bin\zip.dll
0x00007ffa3fab0000 - 0x00007ffa401f4000 	C:\WINDOWS\System32\SHELL32.dll
0x00007ffa3c010000 - 0x00007ffa3c7a4000 	C:\WINDOWS\SYSTEM32\windows.storage.dll
0x00007ffa3f680000 - 0x00007ffa3f9d4000 	C:\WINDOWS\System32\combase.dll
0x00007ffa3d950000 - 0x00007ffa3d97c000 	C:\WINDOWS\SYSTEM32\Wldp.dll
0x00007ffa3f1f0000 - 0x00007ffa3f29d000 	C:\WINDOWS\System32\SHCORE.dll
0x00007ffa3ed50000 - 0x00007ffa3eda5000 	C:\WINDOWS\System32\shlwapi.dll
0x00007ffa3de30000 - 0x00007ffa3de4f000 	C:\WINDOWS\SYSTEM32\profapi.dll
0x00007ffa27b60000 - 0x00007ffa27b79000 	C:\Program Files\OpenJDK\openjdk-11.0.14.1_1\bin\net.dll
0x00007ffa2c410000 - 0x00007ffa2c51a000 	C:\WINDOWS\SYSTEM32\WINHTTP.dll
0x00007ffa3d6b0000 - 0x00007ffa3d71a000 	C:\WINDOWS\system32\mswsock.dll
0x00007ffa27b40000 - 0x00007ffa27b53000 	C:\Program Files\OpenJDK\openjdk-11.0.14.1_1\bin\nio.dll
0x00007ffa27b20000 - 0x00007ffa27b3a000 	C:\Program Files\JetBrains\IntelliJ IDEA Community Edition 2021.3.3\bin\breakgen64.dll
0x00007ffa275b0000 - 0x00007ffa275b9000 	C:\Program Files\OpenJDK\openjdk-11.0.14.1_1\bin\management.dll
0x00007ffa235e0000 - 0x00007ffa235eb000 	C:\Program Files\OpenJDK\openjdk-11.0.14.1_1\bin\management_ext.dll
0x00007ffa118b0000 - 0x00007ffa118c7000 	C:\WINDOWS\system32\napinsp.dll
0x00007ffa11890000 - 0x00007ffa118ab000 	C:\WINDOWS\system32\pnrpnsp.dll
0x00007ffa18000000 - 0x00007ffa18015000 	C:\WINDOWS\system32\wshbth.dll
0x00007ffa39890000 - 0x00007ffa398ad000 	C:\WINDOWS\system32\NLAapi.dll
0x00007ffa3d350000 - 0x00007ffa3d38b000 	C:\WINDOWS\SYSTEM32\IPHLPAPI.DLL
0x00007ffa3d3a0000 - 0x00007ffa3d46b000 	C:\WINDOWS\SYSTEM32\DNSAPI.dll
0x00007ffa3e830000 - 0x00007ffa3e838000 	C:\WINDOWS\System32\NSI.dll
0x00007ffa11870000 - 0x00007ffa11882000 	C:\WINDOWS\System32\winrnr.dll
0x000000006a240000 - 0x000000006a266000 	C:\Program Files\Bonjour\mdnsNSP.dll
0x00007ffa2aa50000 - 0x00007ffa2aa5a000 	C:\Windows\System32\rasadhlp.dll
0x00007ffa2a970000 - 0x00007ffa2a9f0000 	C:\WINDOWS\System32\fwpuclnt.dll
0x00007ffa3e160000 - 0x00007ffa3e187000 	C:\WINDOWS\System32\bcrypt.dll
0x00007ffa3d8a0000 - 0x00007ffa3d8b8000 	C:\WINDOWS\SYSTEM32\CRYPTSP.dll
0x00007ffa3cfc0000 - 0x00007ffa3cff4000 	C:\WINDOWS\system32\rsaenh.dll
0x00007ffa3ddb0000 - 0x00007ffa3ddde000 	C:\WINDOWS\SYSTEM32\USERENV.dll
0x00007ffa3d8c0000 - 0x00007ffa3d8cc000 	C:\WINDOWS\SYSTEM32\CRYPTBASE.dll
0x00007ffa36d40000 - 0x00007ffa36d57000 	C:\WINDOWS\SYSTEM32\dhcpcsvc6.DLL
0x00007ffa38170000 - 0x00007ffa3818d000 	C:\WINDOWS\SYSTEM32\dhcpcsvc.DLL
0x00007ffa235b0000 - 0x00007ffa235d5000 	C:\Program Files\OpenJDK\openjdk-11.0.14.1_1\bin\sunec.dll
0x00007ffa235a0000 - 0x00007ffa235ae000 	C:\Program Files\OpenJDK\openjdk-11.0.14.1_1\bin\sunmscapi.dll
0x00007ffa3def0000 - 0x00007ffa3e046000 	C:\WINDOWS\System32\CRYPT32.dll
0x00007ffa3d9c0000 - 0x00007ffa3d9e7000 	C:\WINDOWS\SYSTEM32\ncrypt.dll
0x00007ffa3d980000 - 0x00007ffa3d9bb000 	C:\WINDOWS\SYSTEM32\NTASN1.dll

dbghelp: loaded successfully - version: 4.0.5 - missing functions: none
symbol engine: initialized successfully - sym options: 0x614 - pdb path: .;C:\Program Files\OpenJDK\openjdk-11.0.14.1_1\bin;C:\WINDOWS\SYSTEM32;C:\WINDOWS\WinSxS\amd64_microsoft.windows.common-controls_6595b64144ccf1df_6.0.19041.1110_none_60b5254171f9507e;C:\Program Files\OpenJDK\openjdk-11.0.14.1_1\bin\server;C:\Program Files\JetBrains\IntelliJ IDEA Community Edition 2021.3.3\bin;C:\Program Files\Bonjour

VM Arguments:
jvm_args: -javaagent:C:\Program Files\JetBrains\IntelliJ IDEA Community Edition 2021.3.3\lib\idea_rt.jar=54495:C:\Program Files\JetBrains\IntelliJ IDEA Community Edition 2021.3.3\bin -Dfile.encoding=UTF-8 
java_command: org.wecancodeit.birdwatcher.BirdWatcherApplication
java_class_path (initial): C:\Users\Ash\wcci-pt-april-2022\group-projects\team-6-bird-watchers-jpa\out\production\classes;C:\Users\Ash\wcci-pt-april-2022\group-projects\team-6-bird-watchers-jpa\out\production\resources;C:\Users\Ash\.gradle\caches\modules-2\files-2.1\org.springframework.boot\spring-boot-starter-data-jpa\2.7.0\773d8c4fbe92493655f4c7db3a2d95388b8f6eb8\spring-boot-starter-data-jpa-2.7.0.jar;C:\Users\Ash\.gradle\caches\modules-2\files-2.1\org.springframework.boot\spring-boot-starter-thymeleaf\2.7.0\e706ed79c9b8066fd0894d44b23d9a1b00417ac7\spring-boot-starter-thymeleaf-2.7.0.jar;C:\Users\Ash\.gradle\caches\modules-2\files-2.1\org.springframework.boot\spring-boot-starter-web\2.7.0\7bf2381d030023970b5375c1090545e480467aa1\spring-boot-starter-web-2.7.0.jar;C:\Users\Ash\.gradle\caches\modules-2\files-2.1\org.springframework.boot\spring-boot-starter-aop\2.7.0\49f204ec9672800932f8f7b344221251b1422da6\spring-boot-starter-aop-2.7.0.jar;C:\Users\Ash\.gradle\caches\modules-2\files-2.1\org.springframework.boot\spring-boot-starter-jdbc\2.7.0\dd69f21efd63a2a16d631210b5656dc30348451b\spring-boot-starter-jdbc-2.7.0.jar;C:\Users\Ash\.gradle\caches\modules-2\files-2.1\jakarta.transaction\jakarta.transaction-api\1.3.3\c4179d48720a1e87202115fbed6089bdc4195405\jakarta.transaction-api-1.3.3.jar;C:\Users\Ash\.gradle\caches\modules-2\files-2.1\jakarta.persistence\jakarta.persistence-api\2.2.3\8f6ea5daedc614f07a3654a455660145286f024e\jakarta.persistence-api-2.2.3.jar;C:\Users\Ash\.gradle\caches\modules-2\files-2.1\org.hibernate\hibernate-core\5.6.9.Final\8ec2c7b13de2fbcb19feddfb3a30932bb6a8228a\hibernate-core-5.6.9.Final.jar;C:\Users\Ash\.gradle\caches\modules-2\files-2.1\org.springframework.data\spring-data-jpa\2.7.0\f82986cdf2beda49b0bbb28a880ca644a1eb6c42\spring-data-jpa-2.7.0.jar;C:\Users\Ash\.gradle\caches\modules-2\files-2.1\org.springframework\spring-aspects\5.3.20\161a2ccb1d68aed17922981909081bd6d1e46628\spring-aspects-5.3.20.jar;C:\Users\Ash\.gradle\caches\modules-2\f
Launcher Type: SUN_STANDARD

[Global flags]
     intx CICompilerCount                          = 4                                         {product} {ergonomic}
     uint ConcGCThreads                            = 2                                         {product} {ergonomic}
     uint G1ConcRefinementThreads                  = 8                                         {product} {ergonomic}
   size_t G1HeapRegionSize                         = 1048576                                   {product} {ergonomic}
    uintx GCDrainStackTargetSize                   = 64                                        {product} {ergonomic}
   size_t InitialHeapSize                          = 134217728                                 {product} {ergonomic}
   size_t MarkStackSize                            = 4194304                                   {product} {ergonomic}
   size_t MaxHeapSize                              = 2132803584                                {product} {ergonomic}
   size_t MaxNewSize                               = 1279262720                                {product} {ergonomic}
   size_t MinHeapDeltaBytes                        = 1048576                                   {product} {ergonomic}
    uintx NonNMethodCodeHeapSize                   = 5836300                                {pd product} {ergonomic}
    uintx NonProfiledCodeHeapSize                  = 122910970                              {pd product} {ergonomic}
    uintx ProfiledCodeHeapSize                     = 122910970                              {pd product} {ergonomic}
    uintx ReservedCodeCacheSize                    = 251658240                              {pd product} {ergonomic}
     bool SegmentedCodeCache                       = true                                      {product} {ergonomic}
     bool UseCompressedClassPointers               = true                                 {lp64_product} {ergonomic}
     bool UseCompressedOops                        = true                                 {lp64_product} {ergonomic}
     bool UseG1GC                                  = true                                      {product} {ergonomic}
     bool UseLargePagesIndividualAllocation        = false                                  {pd product} {ergonomic}

Logging:
Log output configuration:
 #0: stdout all=warning uptime,level,tags
 #1: stderr all=off uptime,level,tags

Environment Variables:
JAVA_HOME=C:\Program Files\OpenJDK\openjdk-11.0.14.1_1
PATH=C:\Program Files\Eclipse Adoptium\jdk-17.0.3.7-hotspot\bin;C:\Program Files (x86)\Common Files\Oracle\Java\javapath;C:\Program Files (x86)\Razer Chroma SDK\bin;C:\Program Files\Razer Chroma SDK\bin;C:\Windows\system32;C:\Windows;C:\Windows\System32\Wbem;C:\Windows\System32\WindowsPowerShell\v1.0\;C:\Program Files (x86)\NVIDIA Corporation\PhysX\Common;C:\WINDOWS\system32;C:\WINDOWS;C:\WINDOWS\System32\Wbem;C:\WINDOWS\System32\WindowsPowerShell\v1.0\;C:\Program Files (x86)\Windows Live\Shared;C:\WINDOWS\System32\OpenSSH\;C:\WINDOWS\system32\config\systemprofile\AppData\Local\Microsoft\WindowsApps;C:\Program Files\NVIDIA Corporation\NVIDIA NvDLISR;C:\WINDOWS\system32;C:\WINDOWS;C:\WINDOWS\System32\Wbem;C:\WINDOWS\System32\WindowsPowerShell\v1.0\;C:\WINDOWS\System32\OpenSSH\;C:\Program Files (x86)\Calibre2\;C:\ProgramData\chocolatey\bin;C:\Program Files\OpenJDK\openjdk-11.0.14.1_1\bin;C:\Program Files\Microsoft VS Code\bin;C:\Program Files\Git\cmd;C:\Program Files\nodejs\;C:\Users\Ash\AppData\Local\Microsoft\WindowsApps;C:\Users\Ash\AppData\Roaming\npm;C:\Program Files\JetBrains\IntelliJ IDEA Community Edition 2021.3.3\bin;
USERNAME=Ash
OS=Windows_NT
PROCESSOR_IDENTIFIER=Intel64 Family 6 Model 60 Stepping 3, GenuineIntel



---------------  S Y S T E M  ---------------

OS: Windows 10 , 64 bit Build 19041 (10.0.19041.1741)
OS uptime: 0 days 0:43 hours

CPU:total 8 (initial active 8) (4 cores per cpu, 2 threads per core) family 6 model 60 stepping 3 microcode 0x27, cmov, cx8, fxsr, mmx, sse, sse2, sse3, ssse3, sse4.1, sse4.2, popcnt, avx, avx2, aes, clmul, erms, lzcnt, ht, tsc, tscinvbit, bmi1, bmi2, fma

Memory: 4k page, system-wide physical 8134M (1158M free)
TotalPageFile size 12998M (AvailPageFile size 2651M)
current process WorkingSet (physical memory assigned to process): 347M, peak: 352M
current process commit charge ("private bytes"): 419M, peak: 425M

vm_info: OpenJDK 64-Bit Server VM (11.0.14.1+1) for windows-amd64 JRE (11.0.14.1+1), built on Feb  9 2022 18:53:32 by "" with unknown MS VC++:1916

END.
