#
# A fatal error has been detected by the Java Runtime Environment:
#
#  EXCEPTION_ACCESS_VIOLATION (0xc0000005) at pc=0x00007ffc91a33ae0, pid=5028, tid=17284
#
# JRE version: OpenJDK Runtime Environment 18.9 (11.0.14.1+1) (build 11.0.14.1+1)
# Java VM: OpenJDK 64-Bit Server VM 18.9 (11.0.14.1+1, mixed mode, tiered, compressed oops, g1 gc, windows-amd64)
# Problematic frame:
# V  [jvm.dll+0x6e3ae0]
#
# No core dump will be written. Minidumps are not enabled by default on client versions of Windows
#
# If you would like to submit a bug report, please visit:
#   https://bugreport.java.com/bugreport/crash.jsp
#

---------------  S U M M A R Y ------------

Command Line: -javaagent:C:\Program Files\JetBrains\IntelliJ IDEA Community Edition 2021.3.3\lib\idea_rt.jar=60797:C:\Program Files\JetBrains\IntelliJ IDEA Community Edition 2021.3.3\bin -Dfile.encoding=UTF-8 org.wecancodeit.birdwatcher.BirdWatcherApplication

Host: Intel(R) Xeon(R) CPU E3-1231 v3 @ 3.40GHz, 8 cores, 7G,  Windows 10 , 64 bit Build 19041 (10.0.19041.1741)
Time: Wed Jun 22 11:05:36 2022 Eastern Daylight Time elapsed time: 2.293453 seconds (0d 0h 0m 2s)

---------------  T H R E A D  ---------------

Current thread (0x0000027928fbe000):  JavaThread "C2 CompilerThread0" daemon [_thread_in_vm, id=17284, stack(0x000000e8ff600000,0x000000e8ff700000)]


Current CompileTask:
C2:   2294 2916       4       org.springframework.beans.factory.support.DefaultListableBeanFactory::requiresEagerInitForType (26 bytes)

Stack: [0x000000e8ff600000,0x000000e8ff700000],  sp=0x000000e8ff6ff0d8,  free space=1020k
Native frames: (J=compiled Java code, j=interpreted, Vv=VM code, C=native code)
V  [jvm.dll+0x6e3ae0]


siginfo: EXCEPTION_ACCESS_VIOLATION (0xc0000005), reading address 0x0000000002792853


Register to memory mapping:

RIP=0x00007ffc91a33ae0 jvm.dll
RAX=0x0000027929206340 points into unknown readable memory: 0x00000279298cad20 | 20 ad 8c 29 79 02 00 00
RBX=0x000000000000038a is an unknown value
RCX=0x0000000002792851 is an unknown value
RDX=0x0000027929d306b0 points into unknown readable memory: 0x726ff41c019b0027 | 27 00 9b 01 1c f4 6f 72
RSP=0x000000e8ff6ff0d8 is pointing into the stack for thread: 0x0000027928fbe000
RBP=0x000000e8ff6ff240 is pointing into the stack for thread: 0x0000027928fbe000
RSI=0x0000027929153110 points into unknown readable memory: 0x000000e8ff6ff2f8 | f8 f2 6f ff e8 00 00 00
RDI=0x0000000000001c50 is an unknown value
R8 =0x0000000000000083 is an unknown value
R9 =0x000000007ffed000 points into unknown readable memory: 0x00000000546c6148 | 48 61 6c 54 00 00 00 00
R10=0x00000000546c6148 is an unknown value
R11=0xfffffffffa880ae0 is an unknown value
R12=0x0 is NULL
R13=0x0 is NULL
R14=0x0000027928fbe000 is a thread
R15=0x000002792862a690 points into unknown readable memory: 0x0000000000000000 | 00 00 00 00 00 00 00 00


Registers:
RAX=0x0000027929206340, RBX=0x000000000000038a, RCX=0x0000000002792851, RDX=0x0000027929d306b0
RSP=0x000000e8ff6ff0d8, RBP=0x000000e8ff6ff240, RSI=0x0000027929153110, RDI=0x0000000000001c50
R8 =0x0000000000000083, R9 =0x000000007ffed000, R10=0x00000000546c6148, R11=0xfffffffffa880ae0
R12=0x0000000000000000, R13=0x0000000000000000, R14=0x0000027928fbe000, R15=0x000002792862a690
RIP=0x00007ffc91a33ae0, EFLAGS=0x0000000000010297

Top of Stack: (sp=0x000000e8ff6ff0d8)
0x000000e8ff6ff0d8:   00007ffc91508ea1 000002792862a5b0
0x000000e8ff6ff0e8:   00007ffc91a744b7 00007ffc91b9dae8
0x000000e8ff6ff0f8:   0000000000000b64 000000e8ff6ff2f0
0x000000e8ff6ff108:   00007ffc914f2b80 0000027928fbe000
0x000000e8ff6ff118:   0000027928fbe000 0000000200000000
0x000000e8ff6ff128:   000002792862a690 0000000000000000
0x000000e8ff6ff138:   00007ffc91565753 0000027928fbe000
0x000000e8ff6ff148:   000002792862a5b0 0000027929628fd0
0x000000e8ff6ff158:   0000000000000000 0000027900000000
0x000000e8ff6ff168:   0000000000000000 00000004ffffffff
0x000000e8ff6ff178:   0000027928fbe000 0000027928fbebb8
0x000000e8ff6ff188:   000002792862a5b0 0000027928662b68
0x000000e8ff6ff198:   000002792862a690 0000000028662b00
0x000000e8ff6ff1a8:   0000000000000b64 0000027928fbe000
0x000000e8ff6ff1b8:   0000027928fbe7e0 000002792acdc7f8
0x000000e8ff6ff1c8:   0000027928fbe000 000002792864eb80 

Instructions: (pc=0x00007ffc91a33ae0)
0x00007ffc91a339e0:   ff ff ff 48 ff c1 80 3c 08 00 75 f7 48 63 d1 85
0x00007ffc91a339f0:   c9 7e 14 80 38 2f 75 03 c6 00 2e 48 ff c0 48 83
0x00007ffc91a33a00:   ea 01 75 ef 49 8b c0 48 83 c4 28 c3 cc cc cc cc
0x00007ffc91a33a10:   48 89 5c 24 08 48 89 6c 24 10 48 89 74 24 18 57
0x00007ffc91a33a20:   48 83 ec 20 0f b7 11 48 8b f1 48 83 c1 06 e8 3d
0x00007ffc91a33a30:   8f 05 00 33 d2 8d 58 01 48 63 cb e8 70 2a f9 ff
0x00007ffc91a33a40:   0f b7 16 48 8d 4e 06 44 8b cb 4c 8b c0 48 8b f8
0x00007ffc91a33a50:   e8 4b 88 05 00 48 8b 5c 24 30 48 8b c7 48 8b 6c
0x00007ffc91a33a60:   24 38 48 8b 74 24 40 48 83 c4 20 5f c3 cc cc cc
0x00007ffc91a33a70:   48 89 5c 24 18 48 89 74 24 20 57 48 83 ec 20 48
0x00007ffc91a33a80:   8b da 48 8d 71 06 0f b7 11 4c 8d 4c 24 30 48 8b
0x00007ffc91a33a90:   ce 4c 8d 44 24 38 e8 65 90 05 00 48 63 c8 33 d2
0x00007ffc91a33aa0:   48 03 c9 89 03 e8 06 2a f9 ff 44 8b 03 48 8b f8
0x00007ffc91a33ab0:   45 85 c0 7e 0e 48 8b d0 48 8b ce e8 80 84 05 00
0x00007ffc91a33ac0:   48 8b c7 48 8b 5c 24 40 48 8b 74 24 48 48 83 c4
0x00007ffc91a33ad0:   20 5f c3 cc cc cc cc cc cc cc cc cc cc cc cc cc
0x00007ffc91a33ae0:   0f b7 41 02 66 85 c0 78 0f 48 8b d1 b9 00 00 ff
0x00007ffc91a33af0:   ff 48 ff 25 50 d4 30 00 c3 cc cc cc cc cc cc cc
0x00007ffc91a33b00:   0f b7 41 02 66 85 c0 78 0f 48 8b d1 b9 00 00 01
0x00007ffc91a33b10:   00 48 ff 25 30 d4 30 00 c3 cc cc cc cc cc cc cc
0x00007ffc91a33b20:   40 56 48 83 ec 30 49 8b f0 45 85 c9 7f 08 33 c0
0x00007ffc91a33b30:   48 83 c4 30 5e c3 48 89 5c 24 40 48 89 6c 24 48
0x00007ffc91a33b40:   48 89 7c 24 50 0f b7 39 4c 89 74 24 28 49 63 e9
0x00007ffc91a33b50:   48 2b fd 4c 89 7c 24 20 4c 8d 79 06 48 63 da 49
0x00007ffc91a33b60:   03 ff 49 03 df 48 3b df 77 3c 45 0f be 30 66 90
0x00007ffc91a33b70:   4c 8b c7 41 8b d6 4c 2b c3 48 8b cb 49 ff c0 e8
0x00007ffc91a33b80:   72 6e 0a 00 48 8b d8 48 85 c0 74 1a 4c 8b c5 48
0x00007ffc91a33b90:   8b d6 48 8b c8 e8 3e 6e 0a 00 85 c0 74 2c 48 ff
0x00007ffc91a33ba0:   c3 48 3b df 76 ca b8 ff ff ff ff 4c 8b 74 24 28
0x00007ffc91a33bb0:   48 8b 7c 24 50 48 8b 6c 24 48 48 8b 5c 24 40 4c
0x00007ffc91a33bc0:   8b 7c 24 20 48 83 c4 30 5e c3 41 2b df 8b c3 eb
0x00007ffc91a33bd0:   da cc cc cc cc cc cc cc cc cc cc cc cc cc cc cc 


Stack slot to memory mapping:
stack at sp + 0 slots: 0x00007ffc91508ea1 jvm.dll
stack at sp + 1 slots: 0x000002792862a5b0 points into unknown readable memory: 0x00007ffc91b9da60 | 60 da b9 91 fc 7f 00 00
stack at sp + 2 slots: 0x00007ffc91a744b7 jvm.dll
stack at sp + 3 slots: 0x00007ffc91b9dae8 jvm.dll
stack at sp + 4 slots: 0x0000000000000b64 is an unknown value
stack at sp + 5 slots: 0x000000e8ff6ff2f0 is pointing into the stack for thread: 0x0000027928fbe000
stack at sp + 6 slots: 0x00007ffc914f2b80 jvm.dll
stack at sp + 7 slots: 0x0000027928fbe000 is a thread


---------------  P R O C E S S  ---------------

Threads class SMR info:
_java_thread_list=0x000002792bb3eef0, length=14, elements={
0x0000027909603000, 0x0000027928653000, 0x000002792865c000, 0x0000027928668000,
0x0000027928669000, 0x000002792866c800, 0x0000027928fbe000, 0x0000027928fc3000,
0x0000027928fcc800, 0x0000027929130800, 0x0000027929150000, 0x0000027929132000,
0x0000027929133800, 0x000002792912f800
}

Java Threads: ( => current thread )
  0x0000027909603000 JavaThread "main" [_thread_blocked, id=11608, stack(0x000000e8fea00000,0x000000e8feb00000)]
  0x0000027928653000 JavaThread "Reference Handler" daemon [_thread_blocked, id=6444, stack(0x000000e8ff100000,0x000000e8ff200000)]
  0x000002792865c000 JavaThread "Finalizer" daemon [_thread_blocked, id=5492, stack(0x000000e8ff200000,0x000000e8ff300000)]
  0x0000027928668000 JavaThread "Signal Dispatcher" daemon [_thread_blocked, id=18876, stack(0x000000e8ff300000,0x000000e8ff400000)]
  0x0000027928669000 JavaThread "Attach Listener" daemon [_thread_blocked, id=18708, stack(0x000000e8ff400000,0x000000e8ff500000)]
  0x000002792866c800 JavaThread "Service Thread" daemon [_thread_blocked, id=11312, stack(0x000000e8ff500000,0x000000e8ff600000)]
=>0x0000027928fbe000 JavaThread "C2 CompilerThread0" daemon [_thread_in_vm, id=17284, stack(0x000000e8ff600000,0x000000e8ff700000)]
  0x0000027928fc3000 JavaThread "C1 CompilerThread0" daemon [_thread_blocked, id=9488, stack(0x000000e8ff700000,0x000000e8ff800000)]
  0x0000027928fcc800 JavaThread "Sweeper thread" daemon [_thread_blocked, id=12416, stack(0x000000e8ff800000,0x000000e8ff900000)]
  0x0000027929130800 JavaThread "Common-Cleaner" daemon [_thread_blocked, id=16404, stack(0x000000e8ff900000,0x000000e8ffa00000)]
  0x0000027929150000 JavaThread "C2 CompilerThread1" daemon [_thread_in_native, id=3244, stack(0x000000e8ffa00000,0x000000e8ffb00000)]
  0x0000027929132000 JavaThread "Monitor Ctrl-Break" daemon [_thread_in_native, id=8328, stack(0x000000e8ffb00000,0x000000e8ffc00000)]
  0x0000027929133800 JavaThread "Thread-0" [_thread_blocked, id=2076, stack(0x000000e8fff00000,0x000000e900000000)]
  0x000002792912f800 JavaThread "restartedMain" [_thread_blocked, id=18316, stack(0x000000e880000000,0x000000e880100000)]

Other Threads:
  0x000002792862e000 VMThread "VM Thread" [stack: 0x000000e8ff000000,0x000000e8ff100000] [id=19068]
  0x000002792937b000 WatcherThread [stack: 0x000000e8ffc00000,0x000000e8ffd00000] [id=6020]
  0x000002790961a800 GCTaskThread "GC Thread#0" [stack: 0x000000e8feb00000,0x000000e8fec00000] [id=19272]
  0x00000279297c5000 GCTaskThread "GC Thread#1" [stack: 0x000000e8ffd00000,0x000000e8ffe00000] [id=19392]
  0x0000027929d15800 GCTaskThread "GC Thread#2" [stack: 0x000000e8ffe00000,0x000000e8fff00000] [id=3024]
  0x000002792a083000 GCTaskThread "GC Thread#3" [stack: 0x000000e880200000,0x000000e880300000] [id=18836]
  0x000002792a758800 GCTaskThread "GC Thread#4" [stack: 0x000000e880300000,0x000000e880400000] [id=14120]
  0x000002792a706000 GCTaskThread "GC Thread#5" [stack: 0x000000e880400000,0x000000e880500000] [id=15816]
  0x000002792a942800 GCTaskThread "GC Thread#6" [stack: 0x000000e880500000,0x000000e880600000] [id=18516]
  0x000002792ac7e000 GCTaskThread "GC Thread#7" [stack: 0x000000e880600000,0x000000e880700000] [id=17416]
  0x00000279074fe000 ConcurrentGCThread "G1 Main Marker" [stack: 0x000000e8fec00000,0x000000e8fed00000] [id=6356]
  0x000002790964b000 ConcurrentGCThread "G1 Conc#0" [stack: 0x000000e8fed00000,0x000000e8fee00000] [id=16960]
  0x0000027929e62800 ConcurrentGCThread "G1 Conc#1" [stack: 0x000000e880700000,0x000000e880800000] [id=7964]
  0x0000027928498800 ConcurrentGCThread "G1 Refine#0" [stack: 0x000000e8fee00000,0x000000e8fef00000] [id=6320]
  0x0000027928499000 ConcurrentGCThread "G1 Young RemSet Sampling" [stack: 0x000000e8fef00000,0x000000e8ff000000] [id=11288]

Threads with active compile tasks:
C2 CompilerThread0   2409 2916       4       org.springframework.beans.factory.support.DefaultListableBeanFactory::requiresEagerInitForType (26 bytes)
C2 CompilerThread1   2409 2961       4       org.springframework.core.ResolvableType::forType (115 bytes)

VM state:synchronizing (normal execution)

VM Mutex/Monitor currently owned by a thread:  ([mutex/lock_event])
[0x00000279096006a0] Threads_lock - owner thread: 0x000002792862e000
[0x0000027909600190] Compile_lock - owner thread: 0x000002792912f800

Heap address: 0x0000000080e00000, size: 2034 MB, Compressed Oops mode: 32-bit
Narrow klass base: 0x0000000000000000, Narrow klass shift: 3
Compressed class space size: 1073741824 Address: 0x0000000100000000

Heap:
 garbage-first heap   total 131072K, used 50245K [0x0000000080e00000, 0x0000000100000000)
  region size 1024K, 44 young (45056K), 4 survivors (4096K)
 Metaspace       used 29520K, capacity 30367K, committed 30592K, reserved 1077248K
  class space    used 3337K, capacity 3680K, committed 3712K, reserved 1048576K
Heap Regions: E=young(eden), S=young(survivor), O=old, HS=humongous(starts), HC=humongous(continues), CS=collection set, F=free, A=archive, TAMS=top-at-mark-start (previous, next)
|   0|0x0000000080e00000, 0x0000000080f00000, 0x0000000080f00000|100%|HS|  |TAMS 0x0000000080f00000, 0x0000000080e00000| Complete 
|   1|0x0000000080f00000, 0x0000000081000000, 0x0000000081000000|100%| O|  |TAMS 0x0000000081000000, 0x0000000080f00000| Untracked 
|   2|0x0000000081000000, 0x0000000081100000, 0x0000000081100000|100%| O|  |TAMS 0x0000000081100000, 0x0000000081000000| Untracked 
|   3|0x0000000081100000, 0x0000000081200000, 0x0000000081200000|100%| O|  |TAMS 0x0000000081118000, 0x0000000081100000| Untracked 
|   4|0x0000000081200000, 0x0000000081300000, 0x0000000081300000|100%| O|  |TAMS 0x0000000081200000, 0x0000000081200000| Untracked 
|   5|0x0000000081300000, 0x0000000081400000, 0x0000000081400000|100%| O|  |TAMS 0x0000000081300000, 0x0000000081300000| Untracked 
|   6|0x0000000081400000, 0x0000000081411600, 0x0000000081500000|  6%| O|  |TAMS 0x0000000081400000, 0x0000000081400000| Untracked 
|   7|0x0000000081500000, 0x0000000081500000, 0x0000000081600000|  0%| F|  |TAMS 0x0000000081500000, 0x0000000081500000| Untracked 
|   8|0x0000000081600000, 0x0000000081600000, 0x0000000081700000|  0%| F|  |TAMS 0x0000000081600000, 0x0000000081600000| Untracked 
|   9|0x0000000081700000, 0x0000000081700000, 0x0000000081800000|  0%| F|  |TAMS 0x0000000081700000, 0x0000000081700000| Untracked 
|  10|0x0000000081800000, 0x0000000081800000, 0x0000000081900000|  0%| F|  |TAMS 0x0000000081800000, 0x0000000081800000| Untracked 
|  11|0x0000000081900000, 0x0000000081900000, 0x0000000081a00000|  0%| F|  |TAMS 0x0000000081900000, 0x0000000081900000| Untracked 
|  12|0x0000000081a00000, 0x0000000081a00000, 0x0000000081b00000|  0%| F|  |TAMS 0x0000000081a00000, 0x0000000081a00000| Untracked 
|  13|0x0000000081b00000, 0x0000000081b00000, 0x0000000081c00000|  0%| F|  |TAMS 0x0000000081b00000, 0x0000000081b00000| Untracked 
|  14|0x0000000081c00000, 0x0000000081c00000, 0x0000000081d00000|  0%| F|  |TAMS 0x0000000081c00000, 0x0000000081c00000| Untracked 
|  15|0x0000000081d00000, 0x0000000081d00000, 0x0000000081e00000|  0%| F|  |TAMS 0x0000000081d00000, 0x0000000081d00000| Untracked 
|  16|0x0000000081e00000, 0x0000000081e00000, 0x0000000081f00000|  0%| F|  |TAMS 0x0000000081e00000, 0x0000000081e00000| Untracked 
|  17|0x0000000081f00000, 0x0000000081f00000, 0x0000000082000000|  0%| F|  |TAMS 0x0000000081f00000, 0x0000000081f00000| Untracked 
|  18|0x0000000082000000, 0x0000000082000000, 0x0000000082100000|  0%| F|  |TAMS 0x0000000082000000, 0x0000000082000000| Untracked 
|  19|0x0000000082100000, 0x0000000082100000, 0x0000000082200000|  0%| F|  |TAMS 0x0000000082100000, 0x0000000082100000| Untracked 
|  20|0x0000000082200000, 0x0000000082200000, 0x0000000082300000|  0%| F|  |TAMS 0x0000000082200000, 0x0000000082200000| Untracked 
|  21|0x0000000082300000, 0x0000000082300000, 0x0000000082400000|  0%| F|  |TAMS 0x0000000082300000, 0x0000000082300000| Untracked 
|  22|0x0000000082400000, 0x0000000082400000, 0x0000000082500000|  0%| F|  |TAMS 0x0000000082400000, 0x0000000082400000| Untracked 
|  23|0x0000000082500000, 0x0000000082500000, 0x0000000082600000|  0%| F|  |TAMS 0x0000000082500000, 0x0000000082500000| Untracked 
|  24|0x0000000082600000, 0x0000000082600000, 0x0000000082700000|  0%| F|  |TAMS 0x0000000082600000, 0x0000000082600000| Untracked 
|  25|0x0000000082700000, 0x0000000082700000, 0x0000000082800000|  0%| F|  |TAMS 0x0000000082700000, 0x0000000082700000| Untracked 
|  26|0x0000000082800000, 0x0000000082800000, 0x0000000082900000|  0%| F|  |TAMS 0x0000000082800000, 0x0000000082800000| Untracked 
|  27|0x0000000082900000, 0x0000000082900000, 0x0000000082a00000|  0%| F|  |TAMS 0x0000000082900000, 0x0000000082900000| Untracked 
|  28|0x0000000082a00000, 0x0000000082a00000, 0x0000000082b00000|  0%| F|  |TAMS 0x0000000082a00000, 0x0000000082a00000| Untracked 
|  29|0x0000000082b00000, 0x0000000082b00000, 0x0000000082c00000|  0%| F|  |TAMS 0x0000000082b00000, 0x0000000082b00000| Untracked 
|  30|0x0000000082c00000, 0x0000000082c00000, 0x0000000082d00000|  0%| F|  |TAMS 0x0000000082c00000, 0x0000000082c00000| Untracked 
|  31|0x0000000082d00000, 0x0000000082d00000, 0x0000000082e00000|  0%| F|  |TAMS 0x0000000082d00000, 0x0000000082d00000| Untracked 
|  32|0x0000000082e00000, 0x0000000082e00000, 0x0000000082f00000|  0%| F|  |TAMS 0x0000000082e00000, 0x0000000082e00000| Untracked 
|  33|0x0000000082f00000, 0x0000000082f00000, 0x0000000083000000|  0%| F|  |TAMS 0x0000000082f00000, 0x0000000082f00000| Untracked 
|  34|0x0000000083000000, 0x0000000083000000, 0x0000000083100000|  0%| F|  |TAMS 0x0000000083000000, 0x0000000083000000| Untracked 
|  35|0x0000000083100000, 0x0000000083100000, 0x0000000083200000|  0%| F|  |TAMS 0x0000000083100000, 0x0000000083100000| Untracked 
|  36|0x0000000083200000, 0x0000000083200000, 0x0000000083300000|  0%| F|  |TAMS 0x0000000083200000, 0x0000000083200000| Untracked 
|  37|0x0000000083300000, 0x0000000083300000, 0x0000000083400000|  0%| F|  |TAMS 0x0000000083300000, 0x0000000083300000| Untracked 
|  38|0x0000000083400000, 0x0000000083400000, 0x0000000083500000|  0%| F|  |TAMS 0x0000000083400000, 0x0000000083400000| Untracked 
|  39|0x0000000083500000, 0x0000000083500000, 0x0000000083600000|  0%| F|  |TAMS 0x0000000083500000, 0x0000000083500000| Untracked 
|  40|0x0000000083600000, 0x0000000083600000, 0x0000000083700000|  0%| F|  |TAMS 0x0000000083600000, 0x0000000083600000| Untracked 
|  41|0x0000000083700000, 0x0000000083700000, 0x0000000083800000|  0%| F|  |TAMS 0x0000000083700000, 0x0000000083700000| Untracked 
|  42|0x0000000083800000, 0x0000000083800000, 0x0000000083900000|  0%| F|  |TAMS 0x0000000083800000, 0x0000000083800000| Untracked 
|  43|0x0000000083900000, 0x0000000083900000, 0x0000000083a00000|  0%| F|  |TAMS 0x0000000083900000, 0x0000000083900000| Untracked 
|  44|0x0000000083a00000, 0x0000000083a00000, 0x0000000083b00000|  0%| F|  |TAMS 0x0000000083a00000, 0x0000000083a00000| Untracked 
|  45|0x0000000083b00000, 0x0000000083b00000, 0x0000000083c00000|  0%| F|  |TAMS 0x0000000083b00000, 0x0000000083b00000| Untracked 
|  46|0x0000000083c00000, 0x0000000083c00000, 0x0000000083d00000|  0%| F|  |TAMS 0x0000000083c00000, 0x0000000083c00000| Untracked 
|  47|0x0000000083d00000, 0x0000000083d00000, 0x0000000083e00000|  0%| F|  |TAMS 0x0000000083d00000, 0x0000000083d00000| Untracked 
|  48|0x0000000083e00000, 0x0000000083e00000, 0x0000000083f00000|  0%| F|  |TAMS 0x0000000083e00000, 0x0000000083e00000| Untracked 
|  49|0x0000000083f00000, 0x0000000083f00000, 0x0000000084000000|  0%| F|  |TAMS 0x0000000083f00000, 0x0000000083f00000| Untracked 
|  50|0x0000000084000000, 0x0000000084000000, 0x0000000084100000|  0%| F|  |TAMS 0x0000000084000000, 0x0000000084000000| Untracked 
|  51|0x0000000084100000, 0x0000000084100000, 0x0000000084200000|  0%| F|  |TAMS 0x0000000084100000, 0x0000000084100000| Untracked 
|  52|0x0000000084200000, 0x0000000084200000, 0x0000000084300000|  0%| F|  |TAMS 0x0000000084200000, 0x0000000084200000| Untracked 
|  53|0x0000000084300000, 0x0000000084300000, 0x0000000084400000|  0%| F|  |TAMS 0x0000000084300000, 0x0000000084300000| Untracked 
|  54|0x0000000084400000, 0x0000000084400000, 0x0000000084500000|  0%| F|  |TAMS 0x0000000084400000, 0x0000000084400000| Untracked 
|  55|0x0000000084500000, 0x0000000084500000, 0x0000000084600000|  0%| F|  |TAMS 0x0000000084500000, 0x0000000084500000| Untracked 
|  56|0x0000000084600000, 0x0000000084600000, 0x0000000084700000|  0%| F|  |TAMS 0x0000000084600000, 0x0000000084600000| Untracked 
|  57|0x0000000084700000, 0x0000000084700000, 0x0000000084800000|  0%| F|  |TAMS 0x0000000084700000, 0x0000000084700000| Untracked 
|  58|0x0000000084800000, 0x0000000084800000, 0x0000000084900000|  0%| F|  |TAMS 0x0000000084800000, 0x0000000084800000| Untracked 
|  59|0x0000000084900000, 0x0000000084900000, 0x0000000084a00000|  0%| F|  |TAMS 0x0000000084900000, 0x0000000084900000| Untracked 
|  60|0x0000000084a00000, 0x0000000084a00000, 0x0000000084b00000|  0%| F|  |TAMS 0x0000000084a00000, 0x0000000084a00000| Untracked 
|  61|0x0000000084b00000, 0x0000000084b00000, 0x0000000084c00000|  0%| F|  |TAMS 0x0000000084b00000, 0x0000000084b00000| Untracked 
|  62|0x0000000084c00000, 0x0000000084c00000, 0x0000000084d00000|  0%| F|  |TAMS 0x0000000084c00000, 0x0000000084c00000| Untracked 
|  63|0x0000000084d00000, 0x0000000084d00000, 0x0000000084e00000|  0%| F|  |TAMS 0x0000000084d00000, 0x0000000084d00000| Untracked 
|  64|0x0000000084e00000, 0x0000000084e00000, 0x0000000084f00000|  0%| F|  |TAMS 0x0000000084e00000, 0x0000000084e00000| Untracked 
|  65|0x0000000084f00000, 0x0000000084f00000, 0x0000000085000000|  0%| F|  |TAMS 0x0000000084f00000, 0x0000000084f00000| Untracked 
|  66|0x0000000085000000, 0x0000000085000000, 0x0000000085100000|  0%| F|  |TAMS 0x0000000085000000, 0x0000000085000000| Untracked 
|  67|0x0000000085100000, 0x0000000085100000, 0x0000000085200000|  0%| F|  |TAMS 0x0000000085100000, 0x0000000085100000| Untracked 
|  68|0x0000000085200000, 0x0000000085200000, 0x0000000085300000|  0%| F|  |TAMS 0x0000000085200000, 0x0000000085200000| Untracked 
|  69|0x0000000085300000, 0x0000000085300000, 0x0000000085400000|  0%| F|  |TAMS 0x0000000085300000, 0x0000000085300000| Untracked 
|  70|0x0000000085400000, 0x0000000085400000, 0x0000000085500000|  0%| F|  |TAMS 0x0000000085400000, 0x0000000085400000| Untracked 
|  71|0x0000000085500000, 0x0000000085500000, 0x0000000085600000|  0%| F|  |TAMS 0x0000000085500000, 0x0000000085500000| Untracked 
|  72|0x0000000085600000, 0x0000000085600000, 0x0000000085700000|  0%| F|  |TAMS 0x0000000085600000, 0x0000000085600000| Untracked 
|  73|0x0000000085700000, 0x0000000085700000, 0x0000000085800000|  0%| F|  |TAMS 0x0000000085700000, 0x0000000085700000| Untracked 
|  74|0x0000000085800000, 0x0000000085900000, 0x0000000085900000|100%| S|CS|TAMS 0x0000000085800000, 0x0000000085800000| Complete 
|  75|0x0000000085900000, 0x0000000085a00000, 0x0000000085a00000|100%| S|CS|TAMS 0x0000000085900000, 0x0000000085900000| Complete 
|  76|0x0000000085a00000, 0x0000000085a00000, 0x0000000085b00000|  0%| F|  |TAMS 0x0000000085a00000, 0x0000000085a00000| Untracked 
|  77|0x0000000085b00000, 0x0000000085b00000, 0x0000000085c00000|  0%| F|  |TAMS 0x0000000085b00000, 0x0000000085b00000| Untracked 
|  78|0x0000000085c00000, 0x0000000085c00000, 0x0000000085d00000|  0%| F|  |TAMS 0x0000000085c00000, 0x0000000085c00000| Untracked 
|  79|0x0000000085d00000, 0x0000000085d00000, 0x0000000085e00000|  0%| F|  |TAMS 0x0000000085d00000, 0x0000000085d00000| Untracked 
|  80|0x0000000085e00000, 0x0000000085e00000, 0x0000000085f00000|  0%| F|  |TAMS 0x0000000085e00000, 0x0000000085e00000| Untracked 
|  81|0x0000000085f00000, 0x0000000086000000, 0x0000000086000000|100%| S|CS|TAMS 0x0000000085f00000, 0x0000000085f00000| Complete 
|  82|0x0000000086000000, 0x0000000086100000, 0x0000000086100000|100%| S|CS|TAMS 0x0000000086000000, 0x0000000086000000| Complete 
|  83|0x0000000086100000, 0x0000000086100000, 0x0000000086200000|  0%| F|  |TAMS 0x0000000086100000, 0x0000000086100000| Untracked 
|  84|0x0000000086200000, 0x0000000086200000, 0x0000000086300000|  0%| F|  |TAMS 0x0000000086200000, 0x0000000086200000| Untracked 
|  85|0x0000000086300000, 0x0000000086300000, 0x0000000086400000|  0%| F|  |TAMS 0x0000000086300000, 0x0000000086300000| Untracked 
|  86|0x0000000086400000, 0x0000000086400000, 0x0000000086500000|  0%| F|  |TAMS 0x0000000086400000, 0x0000000086400000| Untracked 
|  87|0x0000000086500000, 0x0000000086500000, 0x0000000086600000|  0%| F|  |TAMS 0x0000000086500000, 0x0000000086500000| Untracked 
|  88|0x0000000086600000, 0x0000000086700000, 0x0000000086700000|100%| E|  |TAMS 0x0000000086600000, 0x0000000086600000| Complete 
|  89|0x0000000086700000, 0x0000000086800000, 0x0000000086800000|100%| E|CS|TAMS 0x0000000086700000, 0x0000000086700000| Complete 
|  90|0x0000000086800000, 0x0000000086900000, 0x0000000086900000|100%| E|CS|TAMS 0x0000000086800000, 0x0000000086800000| Complete 
|  91|0x0000000086900000, 0x0000000086a00000, 0x0000000086a00000|100%| E|CS|TAMS 0x0000000086900000, 0x0000000086900000| Complete 
|  92|0x0000000086a00000, 0x0000000086b00000, 0x0000000086b00000|100%| E|CS|TAMS 0x0000000086a00000, 0x0000000086a00000| Complete 
|  93|0x0000000086b00000, 0x0000000086c00000, 0x0000000086c00000|100%| E|CS|TAMS 0x0000000086b00000, 0x0000000086b00000| Complete 
|  94|0x0000000086c00000, 0x0000000086d00000, 0x0000000086d00000|100%| E|CS|TAMS 0x0000000086c00000, 0x0000000086c00000| Complete 
|  95|0x0000000086d00000, 0x0000000086e00000, 0x0000000086e00000|100%| E|CS|TAMS 0x0000000086d00000, 0x0000000086d00000| Complete 
|  96|0x0000000086e00000, 0x0000000086f00000, 0x0000000086f00000|100%| E|CS|TAMS 0x0000000086e00000, 0x0000000086e00000| Complete 
|  97|0x0000000086f00000, 0x0000000087000000, 0x0000000087000000|100%| E|CS|TAMS 0x0000000086f00000, 0x0000000086f00000| Complete 
|  98|0x0000000087000000, 0x0000000087100000, 0x0000000087100000|100%| E|CS|TAMS 0x0000000087000000, 0x0000000087000000| Complete 
|  99|0x0000000087100000, 0x0000000087200000, 0x0000000087200000|100%| E|CS|TAMS 0x0000000087100000, 0x0000000087100000| Complete 
| 100|0x0000000087200000, 0x0000000087300000, 0x0000000087300000|100%| E|CS|TAMS 0x0000000087200000, 0x0000000087200000| Complete 
| 101|0x0000000087300000, 0x0000000087400000, 0x0000000087400000|100%| E|CS|TAMS 0x0000000087300000, 0x0000000087300000| Complete 
| 102|0x0000000087400000, 0x0000000087500000, 0x0000000087500000|100%| E|CS|TAMS 0x0000000087400000, 0x0000000087400000| Complete 
| 103|0x0000000087500000, 0x0000000087600000, 0x0000000087600000|100%| E|CS|TAMS 0x0000000087500000, 0x0000000087500000| Complete 
| 104|0x0000000087600000, 0x0000000087700000, 0x0000000087700000|100%| E|CS|TAMS 0x0000000087600000, 0x0000000087600000| Complete 
| 105|0x0000000087700000, 0x0000000087800000, 0x0000000087800000|100%| E|CS|TAMS 0x0000000087700000, 0x0000000087700000| Complete 
| 106|0x0000000087800000, 0x0000000087900000, 0x0000000087900000|100%| E|CS|TAMS 0x0000000087800000, 0x0000000087800000| Complete 
| 107|0x0000000087900000, 0x0000000087a00000, 0x0000000087a00000|100%| E|CS|TAMS 0x0000000087900000, 0x0000000087900000| Complete 
| 108|0x0000000087a00000, 0x0000000087b00000, 0x0000000087b00000|100%| E|CS|TAMS 0x0000000087a00000, 0x0000000087a00000| Complete 
| 109|0x0000000087b00000, 0x0000000087c00000, 0x0000000087c00000|100%| E|CS|TAMS 0x0000000087b00000, 0x0000000087b00000| Complete 
| 110|0x0000000087c00000, 0x0000000087d00000, 0x0000000087d00000|100%| E|CS|TAMS 0x0000000087c00000, 0x0000000087c00000| Complete 
| 111|0x0000000087d00000, 0x0000000087e00000, 0x0000000087e00000|100%| E|CS|TAMS 0x0000000087d00000, 0x0000000087d00000| Complete 
| 112|0x0000000087e00000, 0x0000000087f00000, 0x0000000087f00000|100%| E|CS|TAMS 0x0000000087e00000, 0x0000000087e00000| Complete 
| 113|0x0000000087f00000, 0x0000000088000000, 0x0000000088000000|100%| E|CS|TAMS 0x0000000087f00000, 0x0000000087f00000| Complete 
| 114|0x0000000088000000, 0x0000000088100000, 0x0000000088100000|100%| E|CS|TAMS 0x0000000088000000, 0x0000000088000000| Complete 
| 115|0x0000000088100000, 0x0000000088200000, 0x0000000088200000|100%| E|CS|TAMS 0x0000000088100000, 0x0000000088100000| Complete 
| 116|0x0000000088200000, 0x0000000088300000, 0x0000000088300000|100%| E|CS|TAMS 0x0000000088200000, 0x0000000088200000| Complete 
| 117|0x0000000088300000, 0x0000000088400000, 0x0000000088400000|100%| E|CS|TAMS 0x0000000088300000, 0x0000000088300000| Complete 
| 118|0x0000000088400000, 0x0000000088500000, 0x0000000088500000|100%| E|CS|TAMS 0x0000000088400000, 0x0000000088400000| Complete 
| 119|0x0000000088500000, 0x0000000088600000, 0x0000000088600000|100%| E|CS|TAMS 0x0000000088500000, 0x0000000088500000| Complete 
| 120|0x0000000088600000, 0x0000000088700000, 0x0000000088700000|100%| E|CS|TAMS 0x0000000088600000, 0x0000000088600000| Complete 
| 121|0x0000000088700000, 0x0000000088800000, 0x0000000088800000|100%| E|CS|TAMS 0x0000000088700000, 0x0000000088700000| Complete 
| 122|0x0000000088800000, 0x0000000088900000, 0x0000000088900000|100%| E|CS|TAMS 0x0000000088800000, 0x0000000088800000| Complete 
| 123|0x0000000088900000, 0x0000000088a00000, 0x0000000088a00000|100%| E|CS|TAMS 0x0000000088900000, 0x0000000088900000| Complete 
| 124|0x0000000088a00000, 0x0000000088b00000, 0x0000000088b00000|100%| E|CS|TAMS 0x0000000088a00000, 0x0000000088a00000| Complete 
| 125|0x0000000088b00000, 0x0000000088c00000, 0x0000000088c00000|100%| E|CS|TAMS 0x0000000088b00000, 0x0000000088b00000| Complete 
| 126|0x0000000088c00000, 0x0000000088d00000, 0x0000000088d00000|100%| E|CS|TAMS 0x0000000088c00000, 0x0000000088c00000| Complete 
| 127|0x0000000088d00000, 0x0000000088e00000, 0x0000000088e00000|100%| E|CS|TAMS 0x0000000088d00000, 0x0000000088d00000| Complete 

Card table byte_map: [0x0000027921450000,0x0000027921850000] _byte_map_base: 0x0000027921049000

Marking Bits (Prev, Next): (CMBitMap*) 0x0000027909643b80, (CMBitMap*) 0x0000027909643b48
 Prev Bits: [0x0000027923c20000, 0x0000027925be8000)
 Next Bits: [0x0000027921c50000, 0x0000027923c18000)

Polling page: 0x0000027907550000

Metaspace:

Usage:
  Non-class:     26.06 MB capacity,    25.57 MB ( 98%) used,   411.86 KB (  2%) free+waste,    92.00 KB ( <1%) overhead. 
      Class:      3.59 MB capacity,     3.26 MB ( 91%) used,   297.85 KB (  8%) free+waste,    44.38 KB (  1%) overhead. 
       Both:     29.66 MB capacity,    28.83 MB ( 97%) used,   709.71 KB (  2%) free+waste,   136.38 KB ( <1%) overhead. 

Virtual space:
  Non-class space:       28.00 MB reserved,      26.25 MB ( 94%) committed 
      Class space:        1.00 GB reserved,       3.63 MB ( <1%) committed 
             Both:        1.03 GB reserved,      29.88 MB (  3%) committed 

Chunk freelists:
   Non-Class:  1.00 KB
       Class:  0 bytes
        Both:  1.00 KB

MaxMetaspaceSize: 17179869184.00 GB
CompressedClassSpaceSize: 1.00 GB
Initial GC threshold: 20.80 MB
Current GC threshold: 35.20 MB
CDS: off

CodeHeap 'non-profiled nmethods': size=120000Kb used=1431Kb max_used=1431Kb free=118568Kb
 bounds [0x00000279197f0000, 0x0000027919a60000, 0x0000027920d20000]
CodeHeap 'profiled nmethods': size=120000Kb used=6380Kb max_used=6380Kb free=113619Kb
 bounds [0x00000279122c0000, 0x0000027912900000, 0x00000279197f0000]
CodeHeap 'non-nmethods': size=5760Kb used=1174Kb max_used=1225Kb free=4585Kb
 bounds [0x0000027911d20000, 0x0000027911f90000, 0x00000279122c0000]
 total_blobs=3445 nmethods=3009 adapters=348
 compilation: enabled
              stopped_count=0, restarted_count=0
 full_count=0

Compilation events (20 events):
Event: 2.269 Thread 0x0000027928fc3000 nmethod 2945 0x00000279128bc610 code [0x00000279128bc800, 0x00000279128bcbc8]
Event: 2.269 Thread 0x0000027928fc3000 2946       3       org.springframework.boot.autoconfigure.condition.FilteringSpringBootCondition::<init> (5 bytes)
Event: 2.269 Thread 0x0000027928fc3000 nmethod 2946 0x00000279128bcd90 code [0x00000279128bcf80, 0x00000279128bd398]
Event: 2.269 Thread 0x0000027928fc3000 2947   !   3       org.springframework.boot.autoconfigure.condition.SpringBootCondition::matches (118 bytes)
Event: 2.270 Thread 0x0000027929150000 nmethod 2939 0x000002791994f790 code [0x000002791994f940, 0x000002791994fc38]
Event: 2.270 Thread 0x0000027928fc3000 nmethod 2947 0x00000279128bd590 code [0x00000279128bd9a0, 0x00000279128bf1a8]
Event: 2.270 Thread 0x0000027928fc3000 2949       3       org.springframework.core.annotation.AnnotationAttributes::getString (11 bytes)
Event: 2.270 Thread 0x0000027928fc3000 nmethod 2949 0x00000279128bfc90 code [0x00000279128bfe60, 0x00000279128c0088]
Event: 2.270 Thread 0x0000027928fc3000 2948       1       java.util.Collections$SingletonSet::size (2 bytes)
Event: 2.270 Thread 0x0000027928fc3000 nmethod 2948 0x000002791994fd10 code [0x000002791994fec0, 0x000002791994ff78]
Event: 2.271 Thread 0x0000027929150000 2950       4       java.util.IdentityHashMap::get (60 bytes)
Event: 2.271 Thread 0x0000027928fc3000 2951   !   3       org.springframework.beans.BeanUtils::instantiateClass (187 bytes)
Event: 2.272 Thread 0x0000027928fbe000 nmethod 2916 0x0000027919950010 code [0x00000279199502c0, 0x0000027919952070]
Event: 2.272 Thread 0x0000027929150000 nmethod 2950 0x0000027919953510 code [0x00000279199536c0, 0x0000027919953888]
Event: 2.273 Thread 0x0000027928fc3000 nmethod 2951 0x00000279128c0190 code [0x00000279128c0520, 0x00000279128c1b58]
Event: 2.273 Thread 0x0000027928fc3000 2952       3       org.springframework.core.ResolvableType::getGeneric (90 bytes)
Event: 2.273 Thread 0x0000027928fc3000 nmethod 2952 0x00000279128c2b90 code [0x00000279128c2d80, 0x00000279128c3298]
Event: 2.274 Thread 0x0000027928fc3000 2953       3       java.lang.NamedPackage::<init> (59 bytes)
Event: 2.274 Thread 0x0000027928fc3000 nmethod 2953 0x00000279128c3490 code [0x00000279128c3760, 0x00000279128c4458]
Event: 2.276 Thread 0x0000027928fc3000 2954       3       java.lang.ClassLoader::definePackage (53 bytes)

GC Heap History (6 events):
Event: 0.669 GC heap before
{Heap before GC invocations=0 (full 0):
 garbage-first heap   total 131072K, used 24576K [0x0000000080e00000, 0x0000000100000000)
  region size 1024K, 24 young (24576K), 0 survivors (0K)
 Metaspace       used 11698K, capacity 11904K, committed 12032K, reserved 1060864K
  class space    used 1112K, capacity 1184K, committed 1280K, reserved 1048576K
}
Event: 0.673 GC heap after
{Heap after GC invocations=1 (full 0):
 garbage-first heap   total 131072K, used 6240K [0x0000000080e00000, 0x0000000100000000)
  region size 1024K, 3 young (3072K), 3 survivors (3072K)
 Metaspace       used 11698K, capacity 11904K, committed 12032K, reserved 1060864K
  class space    used 1112K, capacity 1184K, committed 1280K, reserved 1048576K
}
Event: 1.253 GC heap before
{Heap before GC invocations=1 (full 0):
 garbage-first heap   total 131072K, used 49248K [0x0000000080e00000, 0x0000000100000000)
  region size 1024K, 47 young (48128K), 3 survivors (3072K)
 Metaspace       used 20752K, capacity 21230K, committed 21296K, reserved 1069056K
  class space    used 2207K, capacity 2416K, committed 2432K, reserved 1048576K
}
Event: 1.259 GC heap after
{Heap after GC invocations=2 (full 0):
 garbage-first heap   total 131072K, used 8257K [0x0000000080e00000, 0x0000000100000000)
  region size 1024K, 5 young (5120K), 5 survivors (5120K)
 Metaspace       used 20752K, capacity 21230K, committed 21296K, reserved 1069056K
  class space    used 2207K, capacity 2416K, committed 2432K, reserved 1048576K
}
Event: 1.763 GC heap before
{Heap before GC invocations=3 (full 0):
 garbage-first heap   total 131072K, used 54337K [0x0000000080e00000, 0x0000000100000000)
  region size 1024K, 50 young (51200K), 5 survivors (5120K)
 Metaspace       used 26011K, capacity 26609K, committed 26752K, reserved 1073152K
  class space    used 2871K, capacity 3121K, committed 3200K, reserved 1048576K
}
Event: 1.767 GC heap after
{Heap after GC invocations=4 (full 0):
 garbage-first heap   total 131072K, used 10309K [0x0000000080e00000, 0x0000000100000000)
  region size 1024K, 4 young (4096K), 4 survivors (4096K)
 Metaspace       used 26011K, capacity 26609K, committed 26752K, reserved 1073152K
  class space    used 2871K, capacity 3121K, committed 3200K, reserved 1048576K
}

Deoptimization events (20 events):
Event: 2.168 Thread 0x000002792912f800 Uncommon trap: trap_request=0xffffffde fr.pc=0x0000027919927c5c relative=0x00000000000007bc
Event: 2.168 Thread 0x000002792912f800 Uncommon trap: reason=class_check action=maybe_recompile pc=0x0000027919927c5c method=org.springframework.util.ConcurrentReferenceHashMap$Segment.findInChain(Lorg/springframework/util/ConcurrentReferenceHashMap$Reference;Ljava/lang/Object;I)Lorg/springfra
Event: 2.168 Thread 0x000002792912f800 DEOPT PACKING pc=0x0000027919927c5c sp=0x000000e8800fdf50
Event: 2.168 Thread 0x000002792912f800 DEOPT UNPACKING pc=0x0000027911d6a1af sp=0x000000e8800fdd98 mode 2
Event: 2.183 Thread 0x000002792912f800 Uncommon trap: trap_request=0xffffffde fr.pc=0x0000027919927c5c relative=0x00000000000007bc
Event: 2.183 Thread 0x000002792912f800 Uncommon trap: reason=class_check action=maybe_recompile pc=0x0000027919927c5c method=org.springframework.util.ConcurrentReferenceHashMap$Segment.findInChain(Lorg/springframework/util/ConcurrentReferenceHashMap$Reference;Ljava/lang/Object;I)Lorg/springfra
Event: 2.183 Thread 0x000002792912f800 DEOPT PACKING pc=0x0000027919927c5c sp=0x000000e8800fdf50
Event: 2.183 Thread 0x000002792912f800 DEOPT UNPACKING pc=0x0000027911d6a1af sp=0x000000e8800fdd98 mode 2
Event: 2.187 Thread 0x000002792912f800 Uncommon trap: trap_request=0xffffffde fr.pc=0x0000027919927c5c relative=0x00000000000007bc
Event: 2.187 Thread 0x000002792912f800 Uncommon trap: reason=class_check action=maybe_recompile pc=0x0000027919927c5c method=org.springframework.util.ConcurrentReferenceHashMap$Segment.findInChain(Lorg/springframework/util/ConcurrentReferenceHashMap$Reference;Ljava/lang/Object;I)Lorg/springfra
Event: 2.187 Thread 0x000002792912f800 DEOPT PACKING pc=0x0000027919927c5c sp=0x000000e8800fdf50
Event: 2.187 Thread 0x000002792912f800 DEOPT UNPACKING pc=0x0000027911d6a1af sp=0x000000e8800fdd98 mode 2
Event: 2.191 Thread 0x000002792912f800 Uncommon trap: trap_request=0xffffffde fr.pc=0x0000027919927c5c relative=0x00000000000007bc
Event: 2.191 Thread 0x000002792912f800 Uncommon trap: reason=class_check action=maybe_recompile pc=0x0000027919927c5c method=org.springframework.util.ConcurrentReferenceHashMap$Segment.findInChain(Lorg/springframework/util/ConcurrentReferenceHashMap$Reference;Ljava/lang/Object;I)Lorg/springfra
Event: 2.191 Thread 0x000002792912f800 DEOPT PACKING pc=0x0000027919927c5c sp=0x000000e8800fdf50
Event: 2.191 Thread 0x000002792912f800 DEOPT UNPACKING pc=0x0000027911d6a1af sp=0x000000e8800fdd98 mode 2
Event: 2.194 Thread 0x000002792912f800 Uncommon trap: trap_request=0xffffffde fr.pc=0x0000027919928fb8 relative=0x0000000000000638
Event: 2.194 Thread 0x000002792912f800 Uncommon trap: reason=class_check action=maybe_recompile pc=0x0000027919928fb8 method=org.springframework.util.ConcurrentReferenceHashMap$Segment.findInChain(Lorg/springframework/util/ConcurrentReferenceHashMap$Reference;Ljava/lang/Object;I)Lorg/springfra
Event: 2.194 Thread 0x000002792912f800 DEOPT PACKING pc=0x0000027919928fb8 sp=0x000000e8800fde40
Event: 2.194 Thread 0x000002792912f800 DEOPT UNPACKING pc=0x0000027911d6a1af sp=0x000000e8800fdd68 mode 2

Classes redefined (0 events):
No events

Internal exceptions (20 events):
Event: 1.359 Thread 0x000002792912f800 Exception <a 'java/lang/ClassNotFoundException'{0x00000000880cae98}: org/springframework/beans/factory/config/BeanFactoryPostProcessorCustomizer> (0x00000000880cae98) thrown at [./src/hotspot/share/classfile/systemDictionary.cpp, line 230]
Event: 1.360 Thread 0x000002792912f800 Exception <a 'java/lang/ClassNotFoundException'{0x00000000880dc888}: org/springframework/core/PriorityOrderedCustomizer> (0x00000000880dc888) thrown at [./src/hotspot/share/classfile/systemDictionary.cpp, line 230]
Event: 1.361 Thread 0x000002792912f800 Exception <a 'java/lang/ClassNotFoundException'{0x00000000880ec0b8}: org/springframework/core/OrderedCustomizer> (0x00000000880ec0b8) thrown at [./src/hotspot/share/classfile/systemDictionary.cpp, line 230]
Event: 1.362 Thread 0x000002792912f800 Exception <a 'java/lang/ClassNotFoundException'{0x00000000880fe510}: org/springframework/context/ResourceLoaderAwareCustomizer> (0x00000000880fe510) thrown at [./src/hotspot/share/classfile/systemDictionary.cpp, line 230]
Event: 1.363 Thread 0x000002792912f800 Exception <a 'java/lang/ClassNotFoundException'{0x0000000087f63bc0}: org/springframework/beans/factory/AwareCustomizer> (0x0000000087f63bc0) thrown at [./src/hotspot/share/classfile/systemDictionary.cpp, line 230]
Event: 1.363 Thread 0x000002792912f800 Exception <a 'java/lang/ClassNotFoundException'{0x0000000087f75b78}: org/springframework/context/ApplicationStartupAwareCustomizer> (0x0000000087f75b78) thrown at [./src/hotspot/share/classfile/systemDictionary.cpp, line 230]
Event: 1.364 Thread 0x000002792912f800 Exception <a 'java/lang/ClassNotFoundException'{0x0000000087f87438}: org/springframework/beans/factory/AwareCustomizer> (0x0000000087f87438) thrown at [./src/hotspot/share/classfile/systemDictionary.cpp, line 230]
Event: 1.365 Thread 0x000002792912f800 Exception <a 'java/lang/ClassNotFoundException'{0x0000000087f998a8}: org/springframework/beans/factory/BeanClassLoaderAwareCustomizer> (0x0000000087f998a8) thrown at [./src/hotspot/share/classfile/systemDictionary.cpp, line 230]
Event: 1.365 Thread 0x000002792912f800 Exception <a 'java/lang/ClassNotFoundException'{0x0000000087faaf08}: org/springframework/beans/factory/AwareCustomizer> (0x0000000087faaf08) thrown at [./src/hotspot/share/classfile/systemDictionary.cpp, line 230]
Event: 1.366 Thread 0x000002792912f800 Exception <a 'java/lang/ClassNotFoundException'{0x0000000087fbc108}: org/springframework/context/EnvironmentAwareCustomizer> (0x0000000087fbc108) thrown at [./src/hotspot/share/classfile/systemDictionary.cpp, line 230]
Event: 1.367 Thread 0x000002792912f800 Exception <a 'java/lang/ClassNotFoundException'{0x0000000087fcd6e0}: org/springframework/beans/factory/AwareCustomizer> (0x0000000087fcd6e0) thrown at [./src/hotspot/share/classfile/systemDictionary.cpp, line 230]
Event: 1.387 Thread 0x000002792912f800 Exception <a 'java/lang/NoSuchMethodError'{0x0000000087ccd930}: 'java.lang.Object java.lang.invoke.DirectMethodHandle$Holder.invokeVirtual(java.lang.Object, java.lang.Object, java.lang.Object)'> (0x0000000087ccd930) thrown at [./src/hotspot/share/interpreter/linkResolver.cpp, line 773]
Event: 1.395 Thread 0x0000027929133000 Exception <a 'java/lang/NoSuchMethodError'{0x0000000087a146f8}: 'long java.lang.invoke.DirectMethodHandle$Holder.invokeSpecial(java.lang.Object, java.lang.Object)'> (0x0000000087a146f8) thrown at [./src/hotspot/share/interpreter/linkResolver.cpp, line 773]
Event: 1.396 Thread 0x0000027929133000 Exception <a 'java/lang/NoSuchMethodError'{0x0000000087a1eab0}: 'long java.lang.invoke.DirectMethodHandle$Holder.invokeStatic(java.lang.Object, java.lang.Object)'> (0x0000000087a1eab0) thrown at [./src/hotspot/share/interpreter/linkResolver.cpp, line 773]
Event: 1.397 Thread 0x0000027929133000 Exception <a 'java/lang/NoSuchMethodError'{0x0000000087a218d8}: 'long java.lang.invoke.DirectMethodHandle$Holder.invokeStaticInit(java.lang.Object, java.lang.Object)'> (0x0000000087a218d8) thrown at [./src/hotspot/share/interpreter/linkResolver.cpp, line 773]
Event: 1.399 Thread 0x0000027929133000 Exception <a 'java/lang/NoSuchMethodError'{0x0000000087a2dd98}: 'long java.lang.invoke.DirectMethodHandle$Holder.invokeInterface(java.lang.Object, java.lang.Object)'> (0x0000000087a2dd98) thrown at [./src/hotspot/share/interpreter/linkResolver.cpp, line 773]
Event: 1.399 Thread 0x0000027929133000 Exception <a 'java/lang/IncompatibleClassChangeError'{0x0000000087a30b30}: Found class java.lang.Object, but interface was expected> (0x0000000087a30b30) thrown at [./src/hotspot/share/interpreter/linkResolver.cpp, line 839]
Event: 1.412 Thread 0x0000027929133000 Exception <a 'java/lang/NoSuchMethodError'{0x00000000879783c8}: 'java.lang.Object java.lang.invoke.DirectMethodHandle$Holder.invokeVirtual(java.lang.Object, java.lang.Object, java.lang.Object, java.lang.Object)'> (0x00000000879783c8) thrown at [./src/hotspot/share/interpreter/linkResolver.cpp, line 773]
Event: 1.577 Thread 0x000002792912f800 Exception <a 'java/lang/IncompatibleClassChangeError'{0x0000000086d3d5d8}: Found class java.lang.Object, but interface was expected> (0x0000000086d3d5d8) thrown at [./src/hotspot/share/interpreter/linkResolver.cpp, line 839]
Event: 1.607 Thread 0x000002792912f800 Exception <a 'java/lang/NoSuchMethodError'{0x0000000086cf4680}: 'void java.lang.invoke.DirectMethodHandle$Holder.invokeInterface(java.lang.Object, java.lang.Object, java.lang.Object, java.lang.Object)'> (0x0000000086cf4680) thrown at [./src/hotspot/share/interpreter/linkResolver.cpp, line 773]

Events (20 events):
Event: 2.270 loading class org/springframework/boot/autoconfigure/thymeleaf/ThymeleafAutoConfiguration$ThymeleafJava8TimeDialect
Event: 2.270 loading class org/springframework/boot/autoconfigure/thymeleaf/ThymeleafAutoConfiguration$ThymeleafJava8TimeDialect done
Event: 2.271 loading class org/webjars/WebJarAssetLocator
Event: 2.271 loading class org/webjars/WebJarAssetLocator done
Event: 2.271 loading class org/webjars$WebJarAssetLocator
Event: 2.271 loading class org/webjars$WebJarAssetLocator done
Event: 2.272 loading class org/springframework/boot/autoconfigure/thymeleaf/ThymeleafAutoConfiguration$ThymeleafWebMvcConfiguration$ThymeleafViewResolverConfiguration
Event: 2.272 loading class org/springframework/boot/autoconfigure/thymeleaf/ThymeleafAutoConfiguration$ThymeleafWebMvcConfiguration$ThymeleafViewResolverConfiguration done
Event: 2.273 loading class org/springframework/boot/autoconfigure/thymeleaf/ThymeleafProperties
Event: 2.273 loading class org/springframework/boot/autoconfigure/thymeleaf/ThymeleafProperties done
Event: 2.273 loading class org/thymeleaf/spring5/view/ThymeleafViewResolver
Event: 2.273 loading class org/thymeleaf/spring5/view/ThymeleafViewResolver done
Event: 2.274 loading class org/springframework/boot/autoconfigure/thymeleaf/ThymeleafAutoConfiguration$ThymeleafWebMvcConfiguration
Event: 2.274 loading class org/springframework/boot/autoconfigure/thymeleaf/ThymeleafAutoConfiguration$ThymeleafWebMvcConfiguration done
Event: 2.275 loading class org/springframework/boot/autoconfigure/thymeleaf/ThymeleafAutoConfiguration$DefaultTemplateResolverConfiguration
Event: 2.275 loading class org/springframework/boot/autoconfigure/thymeleaf/ThymeleafAutoConfiguration$DefaultTemplateResolverConfiguration done
Event: 2.275 loading class org/thymeleaf/spring5/templateresolver/SpringResourceTemplateResolver
Event: 2.275 loading class org/thymeleaf/spring5/templateresolver/SpringResourceTemplateResolver done
Event: 2.276 loading class org/thymeleaf/templateresolver/AbstractConfigurableTemplateResolver
Event: 2.276 loading class org/thymeleaf/templateresolver/AbstractConfigurableTemplateResolver done


Dynamic libraries:
0x00007ff600230000 - 0x00007ff60023d000 	C:\Program Files\OpenJDK\openjdk-11.0.14.1_1\bin\java.exe
0x00007ffcfa9b0000 - 0x00007ffcfaba7000 	C:\WINDOWS\SYSTEM32\ntdll.dll
0x00007ffcf9310000 - 0x00007ffcf93cd000 	C:\WINDOWS\System32\KERNEL32.DLL
0x00007ffcf84e0000 - 0x00007ffcf87ad000 	C:\WINDOWS\System32\KERNELBASE.dll
0x00007ffcf88e0000 - 0x00007ffcf89e0000 	C:\WINDOWS\System32\ucrtbase.dll
0x00007ffcf3bc0000 - 0x00007ffcf3bd7000 	C:\Program Files\OpenJDK\openjdk-11.0.14.1_1\bin\jli.dll
0x00007ffcf93d0000 - 0x00007ffcf9570000 	C:\WINDOWS\System32\USER32.dll
0x00007ffcf8400000 - 0x00007ffcf8422000 	C:\WINDOWS\System32\win32u.dll
0x00007ffcfa580000 - 0x00007ffcfa5aa000 	C:\WINDOWS\System32\GDI32.dll
0x00007ffcf8120000 - 0x00007ffcf822b000 	C:\WINDOWS\System32\gdi32full.dll
0x00007ffcf8840000 - 0x00007ffcf88dd000 	C:\WINDOWS\System32\msvcp_win.dll
0x00007ffcf3ba0000 - 0x00007ffcf3bb5000 	C:\Program Files\OpenJDK\openjdk-11.0.14.1_1\bin\VCRUNTIME140.dll
0x00007ffcdf500000 - 0x00007ffcdf79a000 	C:\WINDOWS\WinSxS\amd64_microsoft.windows.common-controls_6595b64144ccf1df_6.0.19041.1110_none_60b5254171f9507e\COMCTL32.dll
0x00007ffcf9270000 - 0x00007ffcf930e000 	C:\WINDOWS\System32\msvcrt.dll
0x00007ffcf8a10000 - 0x00007ffcf8a40000 	C:\WINDOWS\System32\IMM32.DLL
0x00007ffcf9030000 - 0x00007ffcf9155000 	C:\WINDOWS\System32\RPCRT4.dll
0x00007ffcf7fc0000 - 0x00007ffcf7ff2000 	C:\WINDOWS\SYSTEM32\SspiCli.dll
0x00007ffce0340000 - 0x00007ffce03db000 	C:\Program Files\OpenJDK\openjdk-11.0.14.1_1\bin\msvcp140.dll
0x00007ffc91350000 - 0x00007ffc91e5d000 	C:\Program Files\OpenJDK\openjdk-11.0.14.1_1\bin\server\jvm.dll
0x00007ffcf91c0000 - 0x00007ffcf926e000 	C:\WINDOWS\System32\ADVAPI32.dll
0x00007ffcf9e60000 - 0x00007ffcf9efc000 	C:\WINDOWS\System32\sechost.dll
0x00007ffcf9f00000 - 0x00007ffcf9f08000 	C:\WINDOWS\System32\PSAPI.DLL
0x00007ffcdf4d0000 - 0x00007ffcdf4d9000 	C:\WINDOWS\SYSTEM32\WSOCK32.dll
0x00007ffcf9df0000 - 0x00007ffcf9e5b000 	C:\WINDOWS\System32\WS2_32.dll
0x00007ffce7e30000 - 0x00007ffce7e57000 	C:\WINDOWS\SYSTEM32\WINMM.dll
0x00007ffcf0fc0000 - 0x00007ffcf0fca000 	C:\WINDOWS\SYSTEM32\VERSION.dll
0x00007ffcf5fe0000 - 0x00007ffcf5ff2000 	C:\WINDOWS\SYSTEM32\kernel.appcore.dll
0x00007ffcf3b80000 - 0x00007ffcf3b90000 	C:\Program Files\OpenJDK\openjdk-11.0.14.1_1\bin\verify.dll
0x00007ffcdf800000 - 0x00007ffcdf9e4000 	C:\WINDOWS\SYSTEM32\DBGHELP.DLL
0x00007ffcdf4a0000 - 0x00007ffcdf4cc000 	C:\WINDOWS\SYSTEM32\dbgcore.DLL
0x00007ffcf87b0000 - 0x00007ffcf8832000 	C:\WINDOWS\System32\bcryptPrimitives.dll
0x00007ffcee660000 - 0x00007ffcee688000 	C:\Program Files\OpenJDK\openjdk-11.0.14.1_1\bin\java.dll
0x00007ffcf3aa0000 - 0x00007ffcf3aaa000 	C:\Program Files\OpenJDK\openjdk-11.0.14.1_1\bin\jimage.dll
0x00007ffce0400000 - 0x00007ffce040e000 	C:\Program Files\OpenJDK\openjdk-11.0.14.1_1\bin\instrument.dll
0x00007ffcee6c0000 - 0x00007ffcee6d8000 	C:\Program Files\OpenJDK\openjdk-11.0.14.1_1\bin\zip.dll
0x00007ffcf96a0000 - 0x00007ffcf9de4000 	C:\WINDOWS\System32\SHELL32.dll
0x00007ffcf61e0000 - 0x00007ffcf6974000 	C:\WINDOWS\SYSTEM32\windows.storage.dll
0x00007ffcf8b90000 - 0x00007ffcf8ee4000 	C:\WINDOWS\System32\combase.dll
0x00007ffcf7b30000 - 0x00007ffcf7b5c000 	C:\WINDOWS\SYSTEM32\Wldp.dll
0x00007ffcfa7f0000 - 0x00007ffcfa89d000 	C:\WINDOWS\System32\SHCORE.dll
0x00007ffcf9160000 - 0x00007ffcf91b5000 	C:\WINDOWS\System32\shlwapi.dll
0x00007ffcf8010000 - 0x00007ffcf802f000 	C:\WINDOWS\SYSTEM32\profapi.dll
0x00007ffce0440000 - 0x00007ffce0459000 	C:\Program Files\OpenJDK\openjdk-11.0.14.1_1\bin\net.dll
0x00007ffce5f00000 - 0x00007ffce600a000 	C:\WINDOWS\SYSTEM32\WINHTTP.dll
0x00007ffcf7890000 - 0x00007ffcf78fa000 	C:\WINDOWS\system32\mswsock.dll
0x00007ffce0420000 - 0x00007ffce0433000 	C:\Program Files\OpenJDK\openjdk-11.0.14.1_1\bin\nio.dll
0x00007ffce0320000 - 0x00007ffce033a000 	C:\Program Files\JetBrains\IntelliJ IDEA Community Edition 2021.3.3\bin\breakgen64.dll
0x00007ffcf3a90000 - 0x00007ffcf3a99000 	C:\Program Files\OpenJDK\openjdk-11.0.14.1_1\bin\management.dll
0x00007ffce5d00000 - 0x00007ffce5d0b000 	C:\Program Files\OpenJDK\openjdk-11.0.14.1_1\bin\management_ext.dll
0x00007ffccb170000 - 0x00007ffccb187000 	C:\WINDOWS\system32\napinsp.dll
0x00007ffccb150000 - 0x00007ffccb16b000 	C:\WINDOWS\system32\pnrpnsp.dll
0x00007ffcd1da0000 - 0x00007ffcd1db5000 	C:\WINDOWS\system32\wshbth.dll
0x00007ffcf3a70000 - 0x00007ffcf3a8d000 	C:\WINDOWS\system32\NLAapi.dll
0x00007ffcf7530000 - 0x00007ffcf756b000 	C:\WINDOWS\SYSTEM32\IPHLPAPI.DLL
0x00007ffcf7580000 - 0x00007ffcf764b000 	C:\WINDOWS\SYSTEM32\DNSAPI.dll
0x00007ffcfa5b0000 - 0x00007ffcfa5b8000 	C:\WINDOWS\System32\NSI.dll
0x00007ffccb130000 - 0x00007ffccb142000 	C:\WINDOWS\System32\winrnr.dll
0x0000000070100000 - 0x0000000070126000 	C:\Program Files\Bonjour\mdnsNSP.dll
0x00007ffce4330000 - 0x00007ffce433a000 	C:\Windows\System32\rasadhlp.dll
0x00007ffce48b0000 - 0x00007ffce4930000 	C:\WINDOWS\System32\fwpuclnt.dll
0x00007ffcf89e0000 - 0x00007ffcf8a07000 	C:\WINDOWS\System32\bcrypt.dll

dbghelp: loaded successfully - version: 4.0.5 - missing functions: none
symbol engine: initialized successfully - sym options: 0x614 - pdb path: .;C:\Program Files\OpenJDK\openjdk-11.0.14.1_1\bin;C:\WINDOWS\SYSTEM32;C:\WINDOWS\WinSxS\amd64_microsoft.windows.common-controls_6595b64144ccf1df_6.0.19041.1110_none_60b5254171f9507e;C:\Program Files\OpenJDK\openjdk-11.0.14.1_1\bin\server;C:\Program Files\JetBrains\IntelliJ IDEA Community Edition 2021.3.3\bin;C:\Program Files\Bonjour

VM Arguments:
jvm_args: -javaagent:C:\Program Files\JetBrains\IntelliJ IDEA Community Edition 2021.3.3\lib\idea_rt.jar=60797:C:\Program Files\JetBrains\IntelliJ IDEA Community Edition 2021.3.3\bin -Dfile.encoding=UTF-8 
java_command: org.wecancodeit.birdwatcher.BirdWatcherApplication
java_class_path (initial): C:\Users\Ash\wcci-pt-april-2022\group-projects\team-6-bird-watchers-jpa\out\production\classes;C:\Users\Ash\wcci-pt-april-2022\group-projects\team-6-bird-watchers-jpa\out\production\resources;C:\Users\Ash\.gradle\caches\modules-2\files-2.1\org.springframework.boot\spring-boot-starter-data-jpa\2.7.0\773d8c4fbe92493655f4c7db3a2d95388b8f6eb8\spring-boot-starter-data-jpa-2.7.0.jar;C:\Users\Ash\.gradle\caches\modules-2\files-2.1\org.springframework.boot\spring-boot-starter-thymeleaf\2.7.0\e706ed79c9b8066fd0894d44b23d9a1b00417ac7\spring-boot-starter-thymeleaf-2.7.0.jar;C:\Users\Ash\.gradle\caches\modules-2\files-2.1\org.springframework.boot\spring-boot-starter-web\2.7.0\7bf2381d030023970b5375c1090545e480467aa1\spring-boot-starter-web-2.7.0.jar;C:\Users\Ash\.gradle\caches\modules-2\files-2.1\org.springframework.boot\spring-boot-starter-aop\2.7.0\49f204ec9672800932f8f7b344221251b1422da6\spring-boot-starter-aop-2.7.0.jar;C:\Users\Ash\.gradle\caches\modules-2\files-2.1\org.springframework.boot\spring-boot-starter-jdbc\2.7.0\dd69f21efd63a2a16d631210b5656dc30348451b\spring-boot-starter-jdbc-2.7.0.jar;C:\Users\Ash\.gradle\caches\modules-2\files-2.1\jakarta.transaction\jakarta.transaction-api\1.3.3\c4179d48720a1e87202115fbed6089bdc4195405\jakarta.transaction-api-1.3.3.jar;C:\Users\Ash\.gradle\caches\modules-2\files-2.1\jakarta.persistence\jakarta.persistence-api\2.2.3\8f6ea5daedc614f07a3654a455660145286f024e\jakarta.persistence-api-2.2.3.jar;C:\Users\Ash\.gradle\caches\modules-2\files-2.1\org.hibernate\hibernate-core\5.6.9.Final\8ec2c7b13de2fbcb19feddfb3a30932bb6a8228a\hibernate-core-5.6.9.Final.jar;C:\Users\Ash\.gradle\caches\modules-2\files-2.1\org.springframework.data\spring-data-jpa\2.7.0\f82986cdf2beda49b0bbb28a880ca644a1eb6c42\spring-data-jpa-2.7.0.jar;C:\Users\Ash\.gradle\caches\modules-2\files-2.1\org.springframework\spring-aspects\5.3.20\161a2ccb1d68aed17922981909081bd6d1e46628\spring-aspects-5.3.20.jar;C:\Users\Ash\.gradle\caches\modules-2\f
Launcher Type: SUN_STANDARD

[Global flags]
     intx CICompilerCount                          = 4                                         {product} {ergonomic}
     uint ConcGCThreads                            = 2                                         {product} {ergonomic}
     uint G1ConcRefinementThreads                  = 8                                         {product} {ergonomic}
   size_t G1HeapRegionSize                         = 1048576                                   {product} {ergonomic}
    uintx GCDrainStackTargetSize                   = 64                                        {product} {ergonomic}
   size_t InitialHeapSize                          = 134217728                                 {product} {ergonomic}
   size_t MarkStackSize                            = 4194304                                   {product} {ergonomic}
   size_t MaxHeapSize                              = 2132803584                                {product} {ergonomic}
   size_t MaxNewSize                               = 1279262720                                {product} {ergonomic}
   size_t MinHeapDeltaBytes                        = 1048576                                   {product} {ergonomic}
    uintx NonNMethodCodeHeapSize                   = 5836300                                {pd product} {ergonomic}
    uintx NonProfiledCodeHeapSize                  = 122910970                              {pd product} {ergonomic}
    uintx ProfiledCodeHeapSize                     = 122910970                              {pd product} {ergonomic}
    uintx ReservedCodeCacheSize                    = 251658240                              {pd product} {ergonomic}
     bool SegmentedCodeCache                       = true                                      {product} {ergonomic}
     bool UseCompressedClassPointers               = true                                 {lp64_product} {ergonomic}
     bool UseCompressedOops                        = true                                 {lp64_product} {ergonomic}
     bool UseG1GC                                  = true                                      {product} {ergonomic}
     bool UseLargePagesIndividualAllocation        = false                                  {pd product} {ergonomic}

Logging:
Log output configuration:
 #0: stdout all=warning uptime,level,tags
 #1: stderr all=off uptime,level,tags

Environment Variables:
JAVA_HOME=C:\Program Files\OpenJDK\openjdk-11.0.14.1_1
PATH=C:\Program Files\Eclipse Adoptium\jdk-17.0.3.7-hotspot\bin;C:\Program Files (x86)\Common Files\Oracle\Java\javapath;C:\Program Files (x86)\Razer Chroma SDK\bin;C:\Program Files\Razer Chroma SDK\bin;C:\Windows\system32;C:\Windows;C:\Windows\System32\Wbem;C:\Windows\System32\WindowsPowerShell\v1.0\;C:\Program Files (x86)\NVIDIA Corporation\PhysX\Common;C:\WINDOWS\system32;C:\WINDOWS;C:\WINDOWS\System32\Wbem;C:\WINDOWS\System32\WindowsPowerShell\v1.0\;C:\Program Files (x86)\Windows Live\Shared;C:\WINDOWS\System32\OpenSSH\;C:\WINDOWS\system32\config\systemprofile\AppData\Local\Microsoft\WindowsApps;C:\Program Files\NVIDIA Corporation\NVIDIA NvDLISR;C:\WINDOWS\system32;C:\WINDOWS;C:\WINDOWS\System32\Wbem;C:\WINDOWS\System32\WindowsPowerShell\v1.0\;C:\WINDOWS\System32\OpenSSH\;C:\Program Files (x86)\Calibre2\;C:\ProgramData\chocolatey\bin;C:\Program Files\OpenJDK\openjdk-11.0.14.1_1\bin;C:\Program Files\Microsoft VS Code\bin;C:\Program Files\Git\cmd;C:\Program Files\nodejs\;C:\Users\Ash\AppData\Local\Microsoft\WindowsApps;C:\Users\Ash\AppData\Roaming\npm;C:\Program Files\JetBrains\IntelliJ IDEA Community Edition 2021.3.3\bin;
USERNAME=Ash
OS=Windows_NT
PROCESSOR_IDENTIFIER=Intel64 Family 6 Model 60 Stepping 3, GenuineIntel



---------------  S Y S T E M  ---------------

OS: Windows 10 , 64 bit Build 19041 (10.0.19041.1741)
OS uptime: 0 days 4:10 hours

CPU:total 8 (initial active 8) (4 cores per cpu, 2 threads per core) family 6 model 60 stepping 3 microcode 0x27, cmov, cx8, fxsr, mmx, sse, sse2, sse3, ssse3, sse4.1, sse4.2, popcnt, avx, avx2, aes, clmul, erms, lzcnt, ht, tsc, tscinvbit, bmi1, bmi2, fma

Memory: 4k page, system-wide physical 8134M (1957M free)
TotalPageFile size 14143M (AvailPageFile size 2714M)
current process WorkingSet (physical memory assigned to process): 164M, peak: 167M
current process commit charge ("private bytes"): 273M, peak: 276M

vm_info: OpenJDK 64-Bit Server VM (11.0.14.1+1) for windows-amd64 JRE (11.0.14.1+1), built on Feb  9 2022 18:53:32 by "" with unknown MS VC++:1916

END.
